2025-04-25 23:55:03,007 INFO  Program - Application starting...
2025-04-25 23:55:03,155 INFO  Program - Configuring application settings...
2025-04-25 23:55:03,177 INFO  Program - Application configuration loaded successfully.
2025-04-25 23:55:04,101 INFO  Program - Finished Configured Service at program cs
2025-04-25 23:55:04,102 INFO  Program - Configure service Succesfully
2025-04-25 23:55:04,203 DEBUG Program - {"CORRELATION_ID":"6c16e779-f5a5-4447-8049-3bb6c81d72bb","APPLICATION_ID":"Bimasakti","TENANT_ID":"All","COMPANY_ID":"All","PROGRAM_ID":"DatabaseAndMultiTenantConsole","USER_ID":"System","USER_NAME":"ConsoleSystem"}
2025-04-25 23:55:04,208 INFO  Program - Try to get Args on main
2025-04-25 23:55:04,208 INFO  Program - Get Helper MultiTenantHelper
2025-04-25 23:55:04,279 INFO  HDA00100Console.MulltiTenant.MultiTenantHelper - START process method InjectMultiTenantConnectionString on Cls
2025-04-25 23:55:04,418 INFO  HDA00100Console.MulltiTenant.MultiTenantHelper - Start Get connecction InjectMultiTenantConnectionString on Cls
2025-04-25 23:55:04,418 DEBUG HDA00100Console.MulltiTenant.MultiTenantHelper - Execute Command Select CTENANT_ID, CCONNECTIONSTRING, CPROVIDER_NAME, CKEYWORD_FOR_PASSWORD  from SAB_MULTI_TENANT_DB(nolock) where CAPPLICATION_ID={0}
2025-04-25 23:55:04,418 DEBUG HDA00100Console.MulltiTenant.MultiTenantHelper - Parameter Bimasakti : 
2025-04-25 23:55:04,705 DEBUG HDA00100Console.MulltiTenant.MultiTenantHelper - Execute Command select distinct  CTENANT_ID from( Select CTENANT_ID=REPLACE(REPLACE(CTENANT_ID,'_report_connectionstring',''),'_connectionstring','') from SAB_MULTI_TENANT_DB(nolock) where CAPPLICATION_ID={0} ) as final
2025-04-25 23:55:04,705 DEBUG HDA00100Console.MulltiTenant.MultiTenantHelper - Parameter Bimasakti : 
2025-04-25 23:55:04,710 INFO  HDA00100Console.MulltiTenant.MultiTenantHelper - END process method InjectMultiTenantConnectionString on Cls
2025-04-25 23:55:04,710 INFO  Program - Get Service ConsoleMain
2025-04-25 23:55:04,710 INFO  Program - Call Method Main
2025-04-25 23:55:04,713 INFO  HDA00100Console.ConsoleMain - START process method Main 
2025-04-25 23:55:04,713 INFO  HDA00100Console.ConsoleMain - Multi Tenant Database Connection
2025-04-25 23:55:04,713 INFO  HDA00100Console.ConsoleMain - Get Tenants
2025-04-25 23:55:04,713 INFO  HDA00100Console.ConsoleMain - Tenant REALTA-BSI
2025-04-25 23:55:04,714 INFO  HDA00100Console.ConsoleMain - START process method _getConnectionName 
2025-04-25 23:55:04,714 INFO  HDA00100Console.ConsoleMain - END process method _getConnectionName 
2025-04-25 23:55:04,714 INFO  HDA00100Console.HDA00100Process - START process method Process_HD_SCHEDULER_ACTION on Cls
2025-04-25 23:55:04,715 INFO  HDA00100Console.HDA00100Process - Execute query on method Process_HD_SCHEDULER_ACTION
2025-04-25 23:55:04,715 DEBUG HDA00100Console.HDA00100Process - Execute query RSP_HD_SCHEDULER_ACTION 
2025-04-25 23:55:06,248 INFO  HDA00100Console.HDA00100Process - END process method Process_HD_SCHEDULER_ACTION on Cls
2025-04-25 23:55:06,249 INFO  HDA00100Console.ConsoleMain - Connection name=realta-bsi_connectionstring : 
2025-04-25 23:55:06,249 INFO  HDA00100Console.ConsoleMain - Tenant REALTA-RCD
2025-04-25 23:55:06,250 INFO  HDA00100Console.ConsoleMain - START process method _getConnectionName 
2025-04-25 23:55:06,250 INFO  HDA00100Console.ConsoleMain - END process method _getConnectionName 
2025-04-25 23:55:06,250 INFO  HDA00100Console.HDA00100Process - START process method Process_HD_SCHEDULER_ACTION on Cls
2025-04-25 23:55:06,252 INFO  HDA00100Console.HDA00100Process - Execute query on method Process_HD_SCHEDULER_ACTION
2025-04-25 23:55:06,252 DEBUG HDA00100Console.HDA00100Process - Execute query RSP_HD_SCHEDULER_ACTION 
2025-04-25 23:55:06,425 INFO  HDA00100Console.HDA00100Process - END process method Process_HD_SCHEDULER_ACTION on Cls
2025-04-25 23:55:06,425 INFO  HDA00100Console.ConsoleMain - Connection name=realta-rcd_connectionstring : 
2025-04-25 23:55:06,426 INFO  HDA00100Console.ConsoleMain - END process method Main 
2025-04-25 23:55:06,426 INFO  Program - End Console Program
