2025-05-28 23:55:03,055 INFO  Program - Application starting...
2025-05-28 23:55:03,196 INFO  Program - Configuring application settings...
2025-05-28 23:55:03,219 INFO  Program - Application configuration loaded successfully.
2025-05-28 23:55:04,172 INFO  Program - Finished Configured Service at program cs
2025-05-28 23:55:04,172 INFO  Program - Configure service Succesfully
2025-05-28 23:55:04,280 DEBUG Program - {"CORRELATION_ID":"545e8447-7bed-472a-be5f-775d921ecfd3","APPLICATION_ID":"Bimasakti","TENANT_ID":"All","COMPANY_ID":"All","PROGRAM_ID":"DatabaseAndMultiTenantConsole","USER_ID":"System","USER_NAME":"ConsoleSystem"}
2025-05-28 23:55:04,283 INFO  Program - Try to get Args on main
2025-05-28 23:55:04,284 INFO  Program - Get Helper MultiTenantHelper
2025-05-28 23:55:04,392 INFO  HDA00100Console.MulltiTenant.MultiTenantHelper - START process method InjectMultiTenantConnectionString on Cls
2025-05-28 23:55:04,545 INFO  HDA00100Console.MulltiTenant.MultiTenantHelper - Start Get connecction InjectMultiTenantConnectionString on Cls
2025-05-28 23:55:04,545 DEBUG HDA00100Console.MulltiTenant.MultiTenantHelper - Execute Command Select CTENANT_ID, CCONNECTIONSTRING, CPROVIDER_NAME, CKEYWORD_FOR_PASSWORD  from SAB_MULTI_TENANT_DB(nolock) where CAPPLICATION_ID={0}
2025-05-28 23:55:04,545 DEBUG HDA00100Console.MulltiTenant.MultiTenantHelper - Parameter Bimasakti : 
2025-05-28 23:55:04,879 DEBUG HDA00100Console.MulltiTenant.MultiTenantHelper - Execute Command select distinct  CTENANT_ID from( Select CTENANT_ID=REPLACE(REPLACE(CTENANT_ID,'_report_connectionstring',''),'_connectionstring','') from SAB_MULTI_TENANT_DB(nolock) where CAPPLICATION_ID={0} ) as final
2025-05-28 23:55:04,879 DEBUG HDA00100Console.MulltiTenant.MultiTenantHelper - Parameter Bimasakti : 
2025-05-28 23:55:04,887 INFO  HDA00100Console.MulltiTenant.MultiTenantHelper - END process method InjectMultiTenantConnectionString on Cls
2025-05-28 23:55:04,887 INFO  Program - Get Service ConsoleMain
2025-05-28 23:55:04,889 INFO  Program - Call Method Main
2025-05-28 23:55:04,893 INFO  HDA00100Console.ConsoleMain - START process method Main 
2025-05-28 23:55:04,893 INFO  HDA00100Console.ConsoleMain - Multi Tenant Database Connection
2025-05-28 23:55:04,893 INFO  HDA00100Console.ConsoleMain - Get Tenants
2025-05-28 23:55:04,893 INFO  HDA00100Console.ConsoleMain - Tenant REALTA-BSI
2025-05-28 23:55:04,893 INFO  HDA00100Console.ConsoleMain - START process method _getConnectionName 
2025-05-28 23:55:04,894 INFO  HDA00100Console.ConsoleMain - END process method _getConnectionName 
2025-05-28 23:55:04,894 INFO  HDA00100Console.HDA00100Process - START process method Process_HD_SCHEDULER_ACTION on Cls
2025-05-28 23:55:04,896 INFO  HDA00100Console.HDA00100Process - Execute query on method Process_HD_SCHEDULER_ACTION
2025-05-28 23:55:04,896 DEBUG HDA00100Console.HDA00100Process - Execute query RSP_HD_SCHEDULER_ACTION 
2025-05-28 23:55:06,963 INFO  HDA00100Console.HDA00100Process - END process method Process_HD_SCHEDULER_ACTION on Cls
2025-05-28 23:55:06,964 INFO  HDA00100Console.ConsoleMain - Connection name=realta-bsi_connectionstring : 
2025-05-28 23:55:06,964 INFO  HDA00100Console.ConsoleMain - Tenant REALTA-RCD
2025-05-28 23:55:06,964 INFO  HDA00100Console.ConsoleMain - START process method _getConnectionName 
2025-05-28 23:55:06,965 INFO  HDA00100Console.ConsoleMain - END process method _getConnectionName 
2025-05-28 23:55:06,965 INFO  HDA00100Console.HDA00100Process - START process method Process_HD_SCHEDULER_ACTION on Cls
2025-05-28 23:55:06,967 INFO  HDA00100Console.HDA00100Process - Execute query on method Process_HD_SCHEDULER_ACTION
2025-05-28 23:55:06,968 DEBUG HDA00100Console.HDA00100Process - Execute query RSP_HD_SCHEDULER_ACTION 
2025-05-28 23:55:07,833 INFO  HDA00100Console.HDA00100Process - END process method Process_HD_SCHEDULER_ACTION on Cls
2025-05-28 23:55:07,834 INFO  HDA00100Console.ConsoleMain - Connection name=realta-rcd_connectionstring : 
2025-05-28 23:55:07,834 INFO  HDA00100Console.ConsoleMain - END process method Main 
2025-05-28 23:55:07,834 INFO  Program - End Console Program
