2025-05-20 23:55:03,066 INFO  Program - Application starting...
2025-05-20 23:55:03,205 INFO  Program - Configuring application settings...
2025-05-20 23:55:03,228 INFO  Program - Application configuration loaded successfully.
2025-05-20 23:55:04,228 INFO  Program - Finished Configured Service at program cs
2025-05-20 23:55:04,229 INFO  Program - Configure service Succesfully
2025-05-20 23:55:04,330 DEBUG Program - {"CORRELATION_ID":"2897bfcb-c6e2-4700-befd-2f0cf6f01e80","APPLICATION_ID":"Bimasakti","TENANT_ID":"All","COMPANY_ID":"All","PROGRAM_ID":"DatabaseAndMultiTenantConsole","USER_ID":"System","USER_NAME":"ConsoleSystem"}
2025-05-20 23:55:04,352 INFO  Program - Try to get Args on main
2025-05-20 23:55:04,353 INFO  Program - Get Helper MultiTenantHelper
2025-05-20 23:55:04,459 INFO  HDA00100Console.MulltiTenant.MultiTenantHelper - START process method InjectMultiTenantConnectionString on Cls
2025-05-20 23:55:04,656 INFO  HDA00100Console.MulltiTenant.MultiTenantHelper - Start Get connecction InjectMultiTenantConnectionString on Cls
2025-05-20 23:55:04,656 DEBUG HDA00100Console.MulltiTenant.MultiTenantHelper - Execute Command Select CTENANT_ID, CCONNECTIONSTRING, CPROVIDER_NAME, CKEYWORD_FOR_PASSWORD  from SAB_MULTI_TENANT_DB(nolock) where CAPPLICATION_ID={0}
2025-05-20 23:55:04,657 DEBUG HDA00100Console.MulltiTenant.MultiTenantHelper - Parameter Bimasakti : 
2025-05-20 23:55:05,046 DEBUG HDA00100Console.MulltiTenant.MultiTenantHelper - Execute Command select distinct  CTENANT_ID from( Select CTENANT_ID=REPLACE(REPLACE(CTENANT_ID,'_report_connectionstring',''),'_connectionstring','') from SAB_MULTI_TENANT_DB(nolock) where CAPPLICATION_ID={0} ) as final
2025-05-20 23:55:05,046 DEBUG HDA00100Console.MulltiTenant.MultiTenantHelper - Parameter Bimasakti : 
2025-05-20 23:55:05,053 INFO  HDA00100Console.MulltiTenant.MultiTenantHelper - END process method InjectMultiTenantConnectionString on Cls
2025-05-20 23:55:05,053 INFO  Program - Get Service ConsoleMain
2025-05-20 23:55:05,056 INFO  Program - Call Method Main
2025-05-20 23:55:05,059 INFO  HDA00100Console.ConsoleMain - START process method Main 
2025-05-20 23:55:05,060 INFO  HDA00100Console.ConsoleMain - Multi Tenant Database Connection
2025-05-20 23:55:05,060 INFO  HDA00100Console.ConsoleMain - Get Tenants
2025-05-20 23:55:05,060 INFO  HDA00100Console.ConsoleMain - Tenant REALTA-BSI
2025-05-20 23:55:05,061 INFO  HDA00100Console.ConsoleMain - START process method _getConnectionName 
2025-05-20 23:55:05,061 INFO  HDA00100Console.ConsoleMain - END process method _getConnectionName 
2025-05-20 23:55:05,062 INFO  HDA00100Console.HDA00100Process - START process method Process_HD_SCHEDULER_ACTION on Cls
2025-05-20 23:55:05,064 INFO  HDA00100Console.HDA00100Process - Execute query on method Process_HD_SCHEDULER_ACTION
2025-05-20 23:55:05,064 DEBUG HDA00100Console.HDA00100Process - Execute query RSP_HD_SCHEDULER_ACTION 
2025-05-20 23:55:07,589 INFO  HDA00100Console.HDA00100Process - END process method Process_HD_SCHEDULER_ACTION on Cls
2025-05-20 23:55:07,589 INFO  HDA00100Console.ConsoleMain - Connection name=realta-bsi_connectionstring : 
2025-05-20 23:55:07,589 INFO  HDA00100Console.ConsoleMain - Tenant REALTA-RCD
2025-05-20 23:55:07,589 INFO  HDA00100Console.ConsoleMain - START process method _getConnectionName 
2025-05-20 23:55:07,589 INFO  HDA00100Console.ConsoleMain - END process method _getConnectionName 
2025-05-20 23:55:07,590 INFO  HDA00100Console.HDA00100Process - START process method Process_HD_SCHEDULER_ACTION on Cls
2025-05-20 23:55:07,591 INFO  HDA00100Console.HDA00100Process - Execute query on method Process_HD_SCHEDULER_ACTION
2025-05-20 23:55:07,591 DEBUG HDA00100Console.HDA00100Process - Execute query RSP_HD_SCHEDULER_ACTION 
2025-05-20 23:55:07,952 INFO  HDA00100Console.HDA00100Process - END process method Process_HD_SCHEDULER_ACTION on Cls
2025-05-20 23:55:07,952 INFO  HDA00100Console.ConsoleMain - Connection name=realta-rcd_connectionstring : 
2025-05-20 23:55:07,953 INFO  HDA00100Console.ConsoleMain - END process method Main 
2025-05-20 23:55:07,953 INFO  Program - End Console Program
