2025-05-04 23:55:03,281 INFO  Program - Application starting...
2025-05-04 23:55:03,446 INFO  Program - Configuring application settings...
2025-05-04 23:55:03,478 INFO  Program - Application configuration loaded successfully.
2025-05-04 23:55:04,458 INFO  Program - Finished Configured Service at program cs
2025-05-04 23:55:04,458 INFO  Program - Configure service Succesfully
2025-05-04 23:55:04,562 DEBUG Program - {"CORRELATION_ID":"e04591f1-7286-46f4-afa4-3d69a968594b","APPLICATION_ID":"Bimasakti","TENANT_ID":"All","COMPANY_ID":"All","PROGRAM_ID":"DatabaseAndMultiTenantConsole","USER_ID":"System","USER_NAME":"ConsoleSystem"}
2025-05-04 23:55:04,566 INFO  Program - Try to get Args on main
2025-05-04 23:55:04,567 INFO  Program - Get Helper MultiTenantHelper
2025-05-04 23:55:04,663 INFO  HDA00100Console.MulltiTenant.MultiTenantHelper - START process method InjectMultiTenantConnectionString on Cls
2025-05-04 23:55:04,855 INFO  HDA00100Console.MulltiTenant.MultiTenantHelper - Start Get connecction InjectMultiTenantConnectionString on Cls
2025-05-04 23:55:04,856 DEBUG HDA00100Console.MulltiTenant.MultiTenantHelper - Execute Command Select CTENANT_ID, CCONNECTIONSTRING, CPROVIDER_NAME, CKEYWORD_FOR_PASSWORD  from SAB_MULTI_TENANT_DB(nolock) where CAPPLICATION_ID={0}
2025-05-04 23:55:04,856 DEBUG HDA00100Console.MulltiTenant.MultiTenantHelper - Parameter Bimasakti : 
2025-05-04 23:55:05,201 DEBUG HDA00100Console.MulltiTenant.MultiTenantHelper - Execute Command select distinct  CTENANT_ID from( Select CTENANT_ID=REPLACE(REPLACE(CTENANT_ID,'_report_connectionstring',''),'_connectionstring','') from SAB_MULTI_TENANT_DB(nolock) where CAPPLICATION_ID={0} ) as final
2025-05-04 23:55:05,202 DEBUG HDA00100Console.MulltiTenant.MultiTenantHelper - Parameter Bimasakti : 
2025-05-04 23:55:05,206 INFO  HDA00100Console.MulltiTenant.MultiTenantHelper - END process method InjectMultiTenantConnectionString on Cls
2025-05-04 23:55:05,206 INFO  Program - Get Service ConsoleMain
2025-05-04 23:55:05,207 INFO  Program - Call Method Main
2025-05-04 23:55:05,209 INFO  HDA00100Console.ConsoleMain - START process method Main 
2025-05-04 23:55:05,209 INFO  HDA00100Console.ConsoleMain - Multi Tenant Database Connection
2025-05-04 23:55:05,209 INFO  HDA00100Console.ConsoleMain - Get Tenants
2025-05-04 23:55:05,209 INFO  HDA00100Console.ConsoleMain - Tenant REALTA-BSI
2025-05-04 23:55:05,209 INFO  HDA00100Console.ConsoleMain - START process method _getConnectionName 
2025-05-04 23:55:05,209 INFO  HDA00100Console.ConsoleMain - END process method _getConnectionName 
2025-05-04 23:55:05,211 INFO  HDA00100Console.HDA00100Process - START process method Process_HD_SCHEDULER_ACTION on Cls
2025-05-04 23:55:05,213 INFO  HDA00100Console.HDA00100Process - Execute query on method Process_HD_SCHEDULER_ACTION
2025-05-04 23:55:05,213 DEBUG HDA00100Console.HDA00100Process - Execute query RSP_HD_SCHEDULER_ACTION 
2025-05-04 23:55:06,792 INFO  HDA00100Console.HDA00100Process - END process method Process_HD_SCHEDULER_ACTION on Cls
2025-05-04 23:55:06,792 INFO  HDA00100Console.ConsoleMain - Connection name=realta-bsi_connectionstring : 
2025-05-04 23:55:06,793 INFO  HDA00100Console.ConsoleMain - Tenant REALTA-RCD
2025-05-04 23:55:06,793 INFO  HDA00100Console.ConsoleMain - START process method _getConnectionName 
2025-05-04 23:55:06,793 INFO  HDA00100Console.ConsoleMain - END process method _getConnectionName 
2025-05-04 23:55:06,793 INFO  HDA00100Console.HDA00100Process - START process method Process_HD_SCHEDULER_ACTION on Cls
2025-05-04 23:55:06,795 INFO  HDA00100Console.HDA00100Process - Execute query on method Process_HD_SCHEDULER_ACTION
2025-05-04 23:55:06,795 DEBUG HDA00100Console.HDA00100Process - Execute query RSP_HD_SCHEDULER_ACTION 
2025-05-04 23:55:07,723 INFO  HDA00100Console.HDA00100Process - END process method Process_HD_SCHEDULER_ACTION on Cls
2025-05-04 23:55:07,723 INFO  HDA00100Console.ConsoleMain - Connection name=realta-rcd_connectionstring : 
2025-05-04 23:55:07,724 INFO  HDA00100Console.ConsoleMain - END process method Main 
2025-05-04 23:55:07,725 INFO  Program - End Console Program
