2025-04-28 23:55:03,190 INFO  Program - Application starting...
2025-04-28 23:55:03,337 INFO  Program - Configuring application settings...
2025-04-28 23:55:03,360 INFO  Program - Application configuration loaded successfully.
2025-04-28 23:55:04,327 INFO  Program - Finished Configured Service at program cs
2025-04-28 23:55:04,327 INFO  Program - Configure service Succesfully
2025-04-28 23:55:04,444 DEBUG Program - {"CORRELATION_ID":"be26bdf8-3e2e-4c29-a8e2-0adb7a361afd","APPLICATION_ID":"Bimasakti","TENANT_ID":"All","COMPANY_ID":"All","PROGRAM_ID":"DatabaseAndMultiTenantConsole","USER_ID":"System","USER_NAME":"ConsoleSystem"}
2025-04-28 23:55:04,451 INFO  Program - Try to get Args on main
2025-04-28 23:55:04,451 INFO  Program - Get Helper MultiTenantHelper
2025-04-28 23:55:04,537 INFO  HDA00100Console.MulltiTenant.MultiTenantHelper - START process method InjectMultiTenantConnectionString on Cls
2025-04-28 23:55:04,677 INFO  HDA00100Console.MulltiTenant.MultiTenantHelper - Start Get connecction InjectMultiTenantConnectionString on Cls
2025-04-28 23:55:04,677 DEBUG HDA00100Console.MulltiTenant.MultiTenantHelper - Execute Command Select CTENANT_ID, CCONNECTIONSTRING, CPROVIDER_NAME, CKEYWORD_FOR_PASSWORD  from SAB_MULTI_TENANT_DB(nolock) where CAPPLICATION_ID={0}
2025-04-28 23:55:04,677 DEBUG HDA00100Console.MulltiTenant.MultiTenantHelper - Parameter Bimasakti : 
2025-04-28 23:55:04,963 DEBUG HDA00100Console.MulltiTenant.MultiTenantHelper - Execute Command select distinct  CTENANT_ID from( Select CTENANT_ID=REPLACE(REPLACE(CTENANT_ID,'_report_connectionstring',''),'_connectionstring','') from SAB_MULTI_TENANT_DB(nolock) where CAPPLICATION_ID={0} ) as final
2025-04-28 23:55:04,964 DEBUG HDA00100Console.MulltiTenant.MultiTenantHelper - Parameter Bimasakti : 
2025-04-28 23:55:04,970 INFO  HDA00100Console.MulltiTenant.MultiTenantHelper - END process method InjectMultiTenantConnectionString on Cls
2025-04-28 23:55:04,970 INFO  Program - Get Service ConsoleMain
2025-04-28 23:55:04,970 INFO  Program - Call Method Main
2025-04-28 23:55:04,972 INFO  HDA00100Console.ConsoleMain - START process method Main 
2025-04-28 23:55:04,972 INFO  HDA00100Console.ConsoleMain - Multi Tenant Database Connection
2025-04-28 23:55:04,973 INFO  HDA00100Console.ConsoleMain - Get Tenants
2025-04-28 23:55:04,973 INFO  HDA00100Console.ConsoleMain - Tenant REALTA-BSI
2025-04-28 23:55:04,973 INFO  HDA00100Console.ConsoleMain - START process method _getConnectionName 
2025-04-28 23:55:04,973 INFO  HDA00100Console.ConsoleMain - END process method _getConnectionName 
2025-04-28 23:55:04,974 INFO  HDA00100Console.HDA00100Process - START process method Process_HD_SCHEDULER_ACTION on Cls
2025-04-28 23:55:04,974 INFO  HDA00100Console.HDA00100Process - Execute query on method Process_HD_SCHEDULER_ACTION
2025-04-28 23:55:04,975 DEBUG HDA00100Console.HDA00100Process - Execute query RSP_HD_SCHEDULER_ACTION 
2025-04-28 23:55:07,065 INFO  HDA00100Console.HDA00100Process - END process method Process_HD_SCHEDULER_ACTION on Cls
2025-04-28 23:55:07,066 INFO  HDA00100Console.ConsoleMain - Connection name=realta-bsi_connectionstring : 
2025-04-28 23:55:07,066 INFO  HDA00100Console.ConsoleMain - Tenant REALTA-RCD
2025-04-28 23:55:07,066 INFO  HDA00100Console.ConsoleMain - START process method _getConnectionName 
2025-04-28 23:55:07,066 INFO  HDA00100Console.ConsoleMain - END process method _getConnectionName 
2025-04-28 23:55:07,066 INFO  HDA00100Console.HDA00100Process - START process method Process_HD_SCHEDULER_ACTION on Cls
2025-04-28 23:55:07,067 INFO  HDA00100Console.HDA00100Process - Execute query on method Process_HD_SCHEDULER_ACTION
2025-04-28 23:55:07,067 DEBUG HDA00100Console.HDA00100Process - Execute query RSP_HD_SCHEDULER_ACTION 
2025-04-28 23:55:08,156 INFO  HDA00100Console.HDA00100Process - END process method Process_HD_SCHEDULER_ACTION on Cls
2025-04-28 23:55:08,156 INFO  HDA00100Console.ConsoleMain - Connection name=realta-rcd_connectionstring : 
2025-04-28 23:55:08,156 INFO  HDA00100Console.ConsoleMain - END process method Main 
2025-04-28 23:55:08,157 INFO  Program - End Console Program
