2025-05-11 23:55:02,651 INFO  Program - Application starting...
2025-05-11 23:55:02,797 INFO  Program - Configuring application settings...
2025-05-11 23:55:02,820 INFO  Program - Application configuration loaded successfully.
2025-05-11 23:55:03,901 INFO  Program - Finished Configured Service at program cs
2025-05-11 23:55:03,902 INFO  Program - Configure service Succesfully
2025-05-11 23:55:04,004 DEBUG Program - {"CORRELATION_ID":"496a057b-75ae-488d-8415-ed3210a463b2","APPLICATION_ID":"Bimasakti","TENANT_ID":"All","COMPANY_ID":"All","PROGRAM_ID":"DatabaseAndMultiTenantConsole","USER_ID":"System","USER_NAME":"ConsoleSystem"}
2025-05-11 23:55:04,007 INFO  Program - Try to get Args on main
2025-05-11 23:55:04,008 INFO  Program - Get Helper MultiTenantHelper
2025-05-11 23:55:04,086 INFO  HDA00100Console.MulltiTenant.MultiTenantHelper - START process method InjectMultiTenantConnectionString on Cls
2025-05-11 23:55:04,305 INFO  HDA00100Console.MulltiTenant.MultiTenantHelper - Start Get connecction InjectMultiTenantConnectionString on Cls
2025-05-11 23:55:04,306 DEBUG HDA00100Console.MulltiTenant.MultiTenantHelper - Execute Command Select CTENANT_ID, CCONNECTIONSTRING, CPROVIDER_NAME, CKEYWORD_FOR_PASSWORD  from SAB_MULTI_TENANT_DB(nolock) where CAPPLICATION_ID={0}
2025-05-11 23:55:04,306 DEBUG HDA00100Console.MulltiTenant.MultiTenantHelper - Parameter Bimasakti : 
2025-05-11 23:55:04,637 DEBUG HDA00100Console.MulltiTenant.MultiTenantHelper - Execute Command select distinct  CTENANT_ID from( Select CTENANT_ID=REPLACE(REPLACE(CTENANT_ID,'_report_connectionstring',''),'_connectionstring','') from SAB_MULTI_TENANT_DB(nolock) where CAPPLICATION_ID={0} ) as final
2025-05-11 23:55:04,638 DEBUG HDA00100Console.MulltiTenant.MultiTenantHelper - Parameter Bimasakti : 
2025-05-11 23:55:04,644 INFO  HDA00100Console.MulltiTenant.MultiTenantHelper - END process method InjectMultiTenantConnectionString on Cls
2025-05-11 23:55:04,644 INFO  Program - Get Service ConsoleMain
2025-05-11 23:55:04,646 INFO  Program - Call Method Main
2025-05-11 23:55:04,648 INFO  HDA00100Console.ConsoleMain - START process method Main 
2025-05-11 23:55:04,648 INFO  HDA00100Console.ConsoleMain - Multi Tenant Database Connection
2025-05-11 23:55:04,648 INFO  HDA00100Console.ConsoleMain - Get Tenants
2025-05-11 23:55:04,648 INFO  HDA00100Console.ConsoleMain - Tenant REALTA-BSI
2025-05-11 23:55:04,649 INFO  HDA00100Console.ConsoleMain - START process method _getConnectionName 
2025-05-11 23:55:04,649 INFO  HDA00100Console.ConsoleMain - END process method _getConnectionName 
2025-05-11 23:55:04,650 INFO  HDA00100Console.HDA00100Process - START process method Process_HD_SCHEDULER_ACTION on Cls
2025-05-11 23:55:04,651 INFO  HDA00100Console.HDA00100Process - Execute query on method Process_HD_SCHEDULER_ACTION
2025-05-11 23:55:04,651 DEBUG HDA00100Console.HDA00100Process - Execute query RSP_HD_SCHEDULER_ACTION 
2025-05-11 23:55:06,520 INFO  HDA00100Console.HDA00100Process - END process method Process_HD_SCHEDULER_ACTION on Cls
2025-05-11 23:55:06,520 INFO  HDA00100Console.ConsoleMain - Connection name=realta-bsi_connectionstring : 
2025-05-11 23:55:06,520 INFO  HDA00100Console.ConsoleMain - Tenant REALTA-RCD
2025-05-11 23:55:06,520 INFO  HDA00100Console.ConsoleMain - START process method _getConnectionName 
2025-05-11 23:55:06,521 INFO  HDA00100Console.ConsoleMain - END process method _getConnectionName 
2025-05-11 23:55:06,521 INFO  HDA00100Console.HDA00100Process - START process method Process_HD_SCHEDULER_ACTION on Cls
2025-05-11 23:55:06,521 INFO  HDA00100Console.HDA00100Process - Execute query on method Process_HD_SCHEDULER_ACTION
2025-05-11 23:55:06,521 DEBUG HDA00100Console.HDA00100Process - Execute query RSP_HD_SCHEDULER_ACTION 
2025-05-11 23:55:06,695 INFO  HDA00100Console.HDA00100Process - END process method Process_HD_SCHEDULER_ACTION on Cls
2025-05-11 23:55:06,696 INFO  HDA00100Console.ConsoleMain - Connection name=realta-rcd_connectionstring : 
2025-05-11 23:55:06,696 INFO  HDA00100Console.ConsoleMain - END process method Main 
2025-05-11 23:55:06,696 INFO  Program - End Console Program
