2025-05-25 23:55:03,271 INFO  Program - Application starting...
2025-05-25 23:55:03,429 INFO  Program - Configuring application settings...
2025-05-25 23:55:03,449 INFO  Program - Application configuration loaded successfully.
2025-05-25 23:55:04,434 INFO  Program - Finished Configured Service at program cs
2025-05-25 23:55:04,435 INFO  Program - Configure service Succesfully
2025-05-25 23:55:04,549 DEBUG Program - {"CORRELATION_ID":"be6e6cf1-3a78-4c5f-b555-c9d48393f3e7","APPLICATION_ID":"Bimasakti","TENANT_ID":"All","COMPANY_ID":"All","PROGRAM_ID":"DatabaseAndMultiTenantConsole","USER_ID":"System","USER_NAME":"ConsoleSystem"}
2025-05-25 23:55:04,553 INFO  Program - Try to get Args on main
2025-05-25 23:55:04,554 INFO  Program - Get Helper MultiTenantHelper
2025-05-25 23:55:04,684 INFO  HDA00100Console.MulltiTenant.MultiTenantHelper - START process method InjectMultiTenantConnectionString on Cls
2025-05-25 23:55:04,921 INFO  HDA00100Console.MulltiTenant.MultiTenantHelper - Start Get connecction InjectMultiTenantConnectionString on Cls
2025-05-25 23:55:04,921 DEBUG HDA00100Console.MulltiTenant.MultiTenantHelper - Execute Command Select CTENANT_ID, CCONNECTIONSTRING, CPROVIDER_NAME, CKEYWORD_FOR_PASSWORD  from SAB_MULTI_TENANT_DB(nolock) where CAPPLICATION_ID={0}
2025-05-25 23:55:04,921 DEBUG HDA00100Console.MulltiTenant.MultiTenantHelper - Parameter Bimasakti : 
2025-05-25 23:55:05,369 DEBUG HDA00100Console.MulltiTenant.MultiTenantHelper - Execute Command select distinct  CTENANT_ID from( Select CTENANT_ID=REPLACE(REPLACE(CTENANT_ID,'_report_connectionstring',''),'_connectionstring','') from SAB_MULTI_TENANT_DB(nolock) where CAPPLICATION_ID={0} ) as final
2025-05-25 23:55:05,369 DEBUG HDA00100Console.MulltiTenant.MultiTenantHelper - Parameter Bimasakti : 
2025-05-25 23:55:05,375 INFO  HDA00100Console.MulltiTenant.MultiTenantHelper - END process method InjectMultiTenantConnectionString on Cls
2025-05-25 23:55:05,375 INFO  Program - Get Service ConsoleMain
2025-05-25 23:55:05,376 INFO  Program - Call Method Main
2025-05-25 23:55:05,379 INFO  HDA00100Console.ConsoleMain - START process method Main 
2025-05-25 23:55:05,379 INFO  HDA00100Console.ConsoleMain - Multi Tenant Database Connection
2025-05-25 23:55:05,380 INFO  HDA00100Console.ConsoleMain - Get Tenants
2025-05-25 23:55:05,380 INFO  HDA00100Console.ConsoleMain - Tenant REALTA-BSI
2025-05-25 23:55:05,380 INFO  HDA00100Console.ConsoleMain - START process method _getConnectionName 
2025-05-25 23:55:05,380 INFO  HDA00100Console.ConsoleMain - END process method _getConnectionName 
2025-05-25 23:55:05,381 INFO  HDA00100Console.HDA00100Process - START process method Process_HD_SCHEDULER_ACTION on Cls
2025-05-25 23:55:05,383 INFO  HDA00100Console.HDA00100Process - Execute query on method Process_HD_SCHEDULER_ACTION
2025-05-25 23:55:05,383 DEBUG HDA00100Console.HDA00100Process - Execute query RSP_HD_SCHEDULER_ACTION 
2025-05-25 23:55:07,400 INFO  HDA00100Console.HDA00100Process - END process method Process_HD_SCHEDULER_ACTION on Cls
2025-05-25 23:55:07,401 INFO  HDA00100Console.ConsoleMain - Connection name=realta-bsi_connectionstring : 
2025-05-25 23:55:07,401 INFO  HDA00100Console.ConsoleMain - Tenant REALTA-RCD
2025-05-25 23:55:07,402 INFO  HDA00100Console.ConsoleMain - START process method _getConnectionName 
2025-05-25 23:55:07,402 INFO  HDA00100Console.ConsoleMain - END process method _getConnectionName 
2025-05-25 23:55:07,403 INFO  HDA00100Console.HDA00100Process - START process method Process_HD_SCHEDULER_ACTION on Cls
2025-05-25 23:55:07,405 INFO  HDA00100Console.HDA00100Process - Execute query on method Process_HD_SCHEDULER_ACTION
2025-05-25 23:55:07,406 DEBUG HDA00100Console.HDA00100Process - Execute query RSP_HD_SCHEDULER_ACTION 
2025-05-25 23:55:07,576 INFO  HDA00100Console.HDA00100Process - END process method Process_HD_SCHEDULER_ACTION on Cls
2025-05-25 23:55:07,577 INFO  HDA00100Console.ConsoleMain - Connection name=realta-rcd_connectionstring : 
2025-05-25 23:55:07,578 INFO  HDA00100Console.ConsoleMain - END process method Main 
2025-05-25 23:55:07,579 INFO  Program - End Console Program
