2025-05-14 23:55:03,394 INFO  Program - Application starting...
2025-05-14 23:55:03,545 INFO  Program - Configuring application settings...
2025-05-14 23:55:03,567 INFO  Program - Application configuration loaded successfully.
2025-05-14 23:55:04,525 INFO  Program - Finished Configured Service at program cs
2025-05-14 23:55:04,525 INFO  Program - Configure service Succesfully
2025-05-14 23:55:04,642 DEBUG Program - {"CORRELATION_ID":"1df3703a-1047-4f15-b8e3-8e22886003e5","APPLICATION_ID":"Bimasakti","TENANT_ID":"All","COMPANY_ID":"All","PROGRAM_ID":"DatabaseAndMultiTenantConsole","USER_ID":"System","USER_NAME":"ConsoleSystem"}
2025-05-14 23:55:04,646 INFO  Program - Try to get Args on main
2025-05-14 23:55:04,647 INFO  Program - Get Helper MultiTenantHelper
2025-05-14 23:55:04,775 INFO  HDA00100Console.MulltiTenant.MultiTenantHelper - START process method InjectMultiTenantConnectionString on Cls
2025-05-14 23:55:04,956 INFO  HDA00100Console.MulltiTenant.MultiTenantHelper - Start Get connecction InjectMultiTenantConnectionString on Cls
2025-05-14 23:55:04,957 DEBUG HDA00100Console.MulltiTenant.MultiTenantHelper - Execute Command Select CTENANT_ID, CCONNECTIONSTRING, CPROVIDER_NAME, CKEYWORD_FOR_PASSWORD  from SAB_MULTI_TENANT_DB(nolock) where CAPPLICATION_ID={0}
2025-05-14 23:55:04,957 DEBUG HDA00100Console.MulltiTenant.MultiTenantHelper - Parameter Bimasakti : 
2025-05-14 23:55:05,282 DEBUG HDA00100Console.MulltiTenant.MultiTenantHelper - Execute Command select distinct  CTENANT_ID from( Select CTENANT_ID=REPLACE(REPLACE(CTENANT_ID,'_report_connectionstring',''),'_connectionstring','') from SAB_MULTI_TENANT_DB(nolock) where CAPPLICATION_ID={0} ) as final
2025-05-14 23:55:05,283 DEBUG HDA00100Console.MulltiTenant.MultiTenantHelper - Parameter Bimasakti : 
2025-05-14 23:55:05,289 INFO  HDA00100Console.MulltiTenant.MultiTenantHelper - END process method InjectMultiTenantConnectionString on Cls
2025-05-14 23:55:05,290 INFO  Program - Get Service ConsoleMain
2025-05-14 23:55:05,290 INFO  Program - Call Method Main
2025-05-14 23:55:05,294 INFO  HDA00100Console.ConsoleMain - START process method Main 
2025-05-14 23:55:05,294 INFO  HDA00100Console.ConsoleMain - Multi Tenant Database Connection
2025-05-14 23:55:05,294 INFO  HDA00100Console.ConsoleMain - Get Tenants
2025-05-14 23:55:05,294 INFO  HDA00100Console.ConsoleMain - Tenant REALTA-BSI
2025-05-14 23:55:05,295 INFO  HDA00100Console.ConsoleMain - START process method _getConnectionName 
2025-05-14 23:55:05,295 INFO  HDA00100Console.ConsoleMain - END process method _getConnectionName 
2025-05-14 23:55:05,298 INFO  HDA00100Console.HDA00100Process - START process method Process_HD_SCHEDULER_ACTION on Cls
2025-05-14 23:55:05,300 INFO  HDA00100Console.HDA00100Process - Execute query on method Process_HD_SCHEDULER_ACTION
2025-05-14 23:55:05,300 DEBUG HDA00100Console.HDA00100Process - Execute query RSP_HD_SCHEDULER_ACTION 
2025-05-14 23:55:15,622 INFO  HDA00100Console.HDA00100Process - END process method Process_HD_SCHEDULER_ACTION on Cls
2025-05-14 23:55:15,623 INFO  HDA00100Console.ConsoleMain - Connection name=realta-bsi_connectionstring : 
2025-05-14 23:55:15,623 INFO  HDA00100Console.ConsoleMain - Tenant REALTA-RCD
2025-05-14 23:55:15,623 INFO  HDA00100Console.ConsoleMain - START process method _getConnectionName 
2025-05-14 23:55:15,624 INFO  HDA00100Console.ConsoleMain - END process method _getConnectionName 
2025-05-14 23:55:15,624 INFO  HDA00100Console.HDA00100Process - START process method Process_HD_SCHEDULER_ACTION on Cls
2025-05-14 23:55:15,625 INFO  HDA00100Console.HDA00100Process - Execute query on method Process_HD_SCHEDULER_ACTION
2025-05-14 23:55:15,625 DEBUG HDA00100Console.HDA00100Process - Execute query RSP_HD_SCHEDULER_ACTION 
2025-05-14 23:55:17,027 INFO  HDA00100Console.HDA00100Process - END process method Process_HD_SCHEDULER_ACTION on Cls
2025-05-14 23:55:17,028 INFO  HDA00100Console.ConsoleMain - Connection name=realta-rcd_connectionstring : 
2025-05-14 23:55:17,028 INFO  HDA00100Console.ConsoleMain - END process method Main 
2025-05-14 23:55:17,028 INFO  Program - End Console Program
