2025-05-19 23:55:29,067 INFO  Program - Application starting...
2025-05-19 23:55:32,882 INFO  Program - Configuring application settings...
2025-05-19 23:55:32,914 INFO  Program - Application configuration loaded successfully.
2025-05-19 23:55:52,793 INFO  Program - Finished Configured Service at program cs
2025-05-19 23:55:52,793 INFO  Program - Configure service Succesfully
2025-05-19 23:55:59,928 DEBUG Program - {"CORRELATION_ID":"b0976f68-9ef9-4a91-a196-ca2ef49c7a40","APPLICATION_ID":"Bimasakti","TENANT_ID":"All","COMPANY_ID":"All","PROGRAM_ID":"DatabaseAndMultiTenantConsole","USER_ID":"System","USER_NAME":"ConsoleSystem"}
2025-05-19 23:55:59,951 INFO  Program - Try to get Args on main
2025-05-19 23:56:00,813 INFO  Program - Get Helper MultiTenantHelper
2025-05-19 23:56:04,492 INFO  HDA00100Console.MulltiTenant.MultiTenantHelper - START process method InjectMultiTenantConnectionString on Cls
2025-05-19 23:56:20,179 INFO  HDA00100Console.MulltiTenant.MultiTenantHelper - Start Get connecction InjectMultiTenantConnectionString on Cls
2025-05-19 23:56:20,180 DEBUG HDA00100Console.MulltiTenant.MultiTenantHelper - Execute Command Select CTENANT_ID, CCONNECTIONSTRING, CPROVIDER_NAME, CKEYWORD_FOR_PASSWORD  from SAB_MULTI_TENANT_DB(nolock) where CAPPLICATION_ID={0}
2025-05-19 23:56:20,180 DEBUG HDA00100Console.MulltiTenant.MultiTenantHelper - Parameter Bimasakti : 
2025-05-19 23:56:46,165 DEBUG HDA00100Console.MulltiTenant.MultiTenantHelper - Execute Command select distinct  CTENANT_ID from( Select CTENANT_ID=REPLACE(REPLACE(CTENANT_ID,'_report_connectionstring',''),'_connectionstring','') from SAB_MULTI_TENANT_DB(nolock) where CAPPLICATION_ID={0} ) as final
2025-05-19 23:56:46,165 DEBUG HDA00100Console.MulltiTenant.MultiTenantHelper - Parameter Bimasakti : 
2025-05-19 23:56:46,173 INFO  HDA00100Console.MulltiTenant.MultiTenantHelper - END process method InjectMultiTenantConnectionString on Cls
2025-05-19 23:56:46,174 INFO  Program - Get Service ConsoleMain
2025-05-19 23:56:46,174 INFO  Program - Call Method Main
2025-05-19 23:56:46,178 INFO  HDA00100Console.ConsoleMain - START process method Main 
2025-05-19 23:56:46,178 INFO  HDA00100Console.ConsoleMain - Multi Tenant Database Connection
2025-05-19 23:56:46,178 INFO  HDA00100Console.ConsoleMain - Get Tenants
2025-05-19 23:56:46,178 INFO  HDA00100Console.ConsoleMain - Tenant REALTA-BSI
2025-05-19 23:56:46,179 INFO  HDA00100Console.ConsoleMain - START process method _getConnectionName 
2025-05-19 23:56:46,179 INFO  HDA00100Console.ConsoleMain - END process method _getConnectionName 
2025-05-19 23:56:46,180 INFO  HDA00100Console.HDA00100Process - START process method Process_HD_SCHEDULER_ACTION on Cls
2025-05-19 23:56:46,694 INFO  HDA00100Console.HDA00100Process - Execute query on method Process_HD_SCHEDULER_ACTION
2025-05-19 23:56:46,695 DEBUG HDA00100Console.HDA00100Process - Execute query RSP_HD_SCHEDULER_ACTION 
2025-05-19 23:56:48,659 INFO  HDA00100Console.HDA00100Process - END process method Process_HD_SCHEDULER_ACTION on Cls
2025-05-19 23:56:48,660 INFO  HDA00100Console.ConsoleMain - Connection name=realta-bsi_connectionstring : 
2025-05-19 23:56:48,660 INFO  HDA00100Console.ConsoleMain - Tenant REALTA-RCD
2025-05-19 23:56:48,660 INFO  HDA00100Console.ConsoleMain - START process method _getConnectionName 
2025-05-19 23:56:48,660 INFO  HDA00100Console.ConsoleMain - END process method _getConnectionName 
2025-05-19 23:56:48,660 INFO  HDA00100Console.HDA00100Process - START process method Process_HD_SCHEDULER_ACTION on Cls
2025-05-19 23:56:48,661 INFO  HDA00100Console.HDA00100Process - Execute query on method Process_HD_SCHEDULER_ACTION
2025-05-19 23:56:48,661 DEBUG HDA00100Console.HDA00100Process - Execute query RSP_HD_SCHEDULER_ACTION 
2025-05-19 23:56:48,831 INFO  HDA00100Console.HDA00100Process - END process method Process_HD_SCHEDULER_ACTION on Cls
2025-05-19 23:56:48,832 INFO  HDA00100Console.ConsoleMain - Connection name=realta-rcd_connectionstring : 
2025-05-19 23:56:48,832 INFO  HDA00100Console.ConsoleMain - END process method Main 
2025-05-19 23:56:48,832 INFO  Program - End Console Program
