2025-05-18 23:55:03,053 INFO  Program - Application starting...
2025-05-18 23:55:03,195 INFO  Program - Configuring application settings...
2025-05-18 23:55:03,221 INFO  Program - Application configuration loaded successfully.
2025-05-18 23:55:04,215 INFO  Program - Finished Configured Service at program cs
2025-05-18 23:55:04,215 INFO  Program - Configure service Succesfully
2025-05-18 23:55:04,344 DEBUG Program - {"CORRELATION_ID":"9bd6d742-d07b-453f-8f0c-0da302196e14","APPLICATION_ID":"Bimasakti","TENANT_ID":"All","COMPANY_ID":"All","PROGRAM_ID":"DatabaseAndMultiTenantConsole","USER_ID":"System","USER_NAME":"ConsoleSystem"}
2025-05-18 23:55:04,374 INFO  Program - Try to get Args on main
2025-05-18 23:55:04,374 INFO  Program - Get Helper MultiTenantHelper
2025-05-18 23:55:04,478 INFO  HDA00100Console.MulltiTenant.MultiTenantHelper - START process method InjectMultiTenantConnectionString on Cls
2025-05-18 23:55:04,665 INFO  HDA00100Console.MulltiTenant.MultiTenantHelper - Start Get connecction InjectMultiTenantConnectionString on Cls
2025-05-18 23:55:04,665 DEBUG HDA00100Console.MulltiTenant.MultiTenantHelper - Execute Command Select CTENANT_ID, CCONNECTIONSTRING, CPROVIDER_NAME, CKEYWORD_FOR_PASSWORD  from SAB_MULTI_TENANT_DB(nolock) where CAPPLICATION_ID={0}
2025-05-18 23:55:04,665 DEBUG HDA00100Console.MulltiTenant.MultiTenantHelper - Parameter Bimasakti : 
2025-05-18 23:55:05,054 DEBUG HDA00100Console.MulltiTenant.MultiTenantHelper - Execute Command select distinct  CTENANT_ID from( Select CTENANT_ID=REPLACE(REPLACE(CTENANT_ID,'_report_connectionstring',''),'_connectionstring','') from SAB_MULTI_TENANT_DB(nolock) where CAPPLICATION_ID={0} ) as final
2025-05-18 23:55:05,054 DEBUG HDA00100Console.MulltiTenant.MultiTenantHelper - Parameter Bimasakti : 
2025-05-18 23:55:05,058 INFO  HDA00100Console.MulltiTenant.MultiTenantHelper - END process method InjectMultiTenantConnectionString on Cls
2025-05-18 23:55:05,059 INFO  Program - Get Service ConsoleMain
2025-05-18 23:55:05,059 INFO  Program - Call Method Main
2025-05-18 23:55:05,063 INFO  HDA00100Console.ConsoleMain - START process method Main 
2025-05-18 23:55:05,063 INFO  HDA00100Console.ConsoleMain - Multi Tenant Database Connection
2025-05-18 23:55:05,063 INFO  HDA00100Console.ConsoleMain - Get Tenants
2025-05-18 23:55:05,063 INFO  HDA00100Console.ConsoleMain - Tenant REALTA-BSI
2025-05-18 23:55:05,063 INFO  HDA00100Console.ConsoleMain - START process method _getConnectionName 
2025-05-18 23:55:05,064 INFO  HDA00100Console.ConsoleMain - END process method _getConnectionName 
2025-05-18 23:55:05,064 INFO  HDA00100Console.HDA00100Process - START process method Process_HD_SCHEDULER_ACTION on Cls
2025-05-18 23:55:05,066 INFO  HDA00100Console.HDA00100Process - Execute query on method Process_HD_SCHEDULER_ACTION
2025-05-18 23:55:05,066 DEBUG HDA00100Console.HDA00100Process - Execute query RSP_HD_SCHEDULER_ACTION 
2025-05-18 23:55:07,077 INFO  HDA00100Console.HDA00100Process - END process method Process_HD_SCHEDULER_ACTION on Cls
2025-05-18 23:55:07,077 INFO  HDA00100Console.ConsoleMain - Connection name=realta-bsi_connectionstring : 
2025-05-18 23:55:07,078 INFO  HDA00100Console.ConsoleMain - Tenant REALTA-RCD
2025-05-18 23:55:07,078 INFO  HDA00100Console.ConsoleMain - START process method _getConnectionName 
2025-05-18 23:55:07,078 INFO  HDA00100Console.ConsoleMain - END process method _getConnectionName 
2025-05-18 23:55:07,078 INFO  HDA00100Console.HDA00100Process - START process method Process_HD_SCHEDULER_ACTION on Cls
2025-05-18 23:55:07,080 INFO  HDA00100Console.HDA00100Process - Execute query on method Process_HD_SCHEDULER_ACTION
2025-05-18 23:55:07,080 DEBUG HDA00100Console.HDA00100Process - Execute query RSP_HD_SCHEDULER_ACTION 
2025-05-18 23:55:07,262 INFO  HDA00100Console.HDA00100Process - END process method Process_HD_SCHEDULER_ACTION on Cls
2025-05-18 23:55:07,271 INFO  HDA00100Console.ConsoleMain - Connection name=realta-rcd_connectionstring : 
2025-05-18 23:55:07,280 INFO  HDA00100Console.ConsoleMain - END process method Main 
2025-05-18 23:55:07,282 INFO  Program - End Console Program
