2025-04-30 23:55:03,198 INFO  Program - Application starting...
2025-04-30 23:55:03,347 INFO  Program - Configuring application settings...
2025-04-30 23:55:03,396 INFO  Program - Application configuration loaded successfully.
2025-04-30 23:55:04,451 INFO  Program - Finished Configured Service at program cs
2025-04-30 23:55:04,451 INFO  Program - Configure service Succesfully
2025-04-30 23:55:04,554 DEBUG Program - {"CORRELATION_ID":"f7628693-840b-44e1-a70f-fab268c7ad6c","APPLICATION_ID":"Bimasakti","TENANT_ID":"All","COMPANY_ID":"All","PROGRAM_ID":"DatabaseAndMultiTenantConsole","USER_ID":"System","USER_NAME":"ConsoleSystem"}
2025-04-30 23:55:04,558 INFO  Program - Try to get Args on main
2025-04-30 23:55:04,559 INFO  Program - Get Helper MultiTenantHelper
2025-04-30 23:55:04,638 INFO  HDA00100Console.MulltiTenant.MultiTenantHelper - START process method InjectMultiTenantConnectionString on Cls
2025-04-30 23:55:04,782 INFO  HDA00100Console.MulltiTenant.MultiTenantHelper - Start Get connecction InjectMultiTenantConnectionString on Cls
2025-04-30 23:55:04,782 DEBUG HDA00100Console.MulltiTenant.MultiTenantHelper - Execute Command Select CTENANT_ID, CCONNECTIONSTRING, CPROVIDER_NAME, CKEYWORD_FOR_PASSWORD  from SAB_MULTI_TENANT_DB(nolock) where CAPPLICATION_ID={0}
2025-04-30 23:55:04,782 DEBUG HDA00100Console.MulltiTenant.MultiTenantHelper - Parameter Bimasakti : 
2025-04-30 23:55:05,172 DEBUG HDA00100Console.MulltiTenant.MultiTenantHelper - Execute Command select distinct  CTENANT_ID from( Select CTENANT_ID=REPLACE(REPLACE(CTENANT_ID,'_report_connectionstring',''),'_connectionstring','') from SAB_MULTI_TENANT_DB(nolock) where CAPPLICATION_ID={0} ) as final
2025-04-30 23:55:05,173 DEBUG HDA00100Console.MulltiTenant.MultiTenantHelper - Parameter Bimasakti : 
2025-04-30 23:55:05,178 INFO  HDA00100Console.MulltiTenant.MultiTenantHelper - END process method InjectMultiTenantConnectionString on Cls
2025-04-30 23:55:05,178 INFO  Program - Get Service ConsoleMain
2025-04-30 23:55:05,178 INFO  Program - Call Method Main
2025-04-30 23:55:05,181 INFO  HDA00100Console.ConsoleMain - START process method Main 
2025-04-30 23:55:05,181 INFO  HDA00100Console.ConsoleMain - Multi Tenant Database Connection
2025-04-30 23:55:05,181 INFO  HDA00100Console.ConsoleMain - Get Tenants
2025-04-30 23:55:05,181 INFO  HDA00100Console.ConsoleMain - Tenant REALTA-BSI
2025-04-30 23:55:05,182 INFO  HDA00100Console.ConsoleMain - START process method _getConnectionName 
2025-04-30 23:55:05,182 INFO  HDA00100Console.ConsoleMain - END process method _getConnectionName 
2025-04-30 23:55:05,182 INFO  HDA00100Console.HDA00100Process - START process method Process_HD_SCHEDULER_ACTION on Cls
2025-04-30 23:55:05,183 INFO  HDA00100Console.HDA00100Process - Execute query on method Process_HD_SCHEDULER_ACTION
2025-04-30 23:55:05,183 DEBUG HDA00100Console.HDA00100Process - Execute query RSP_HD_SCHEDULER_ACTION 
2025-04-30 23:55:06,780 INFO  HDA00100Console.HDA00100Process - END process method Process_HD_SCHEDULER_ACTION on Cls
2025-04-30 23:55:06,780 INFO  HDA00100Console.ConsoleMain - Connection name=realta-bsi_connectionstring : 
2025-04-30 23:55:06,781 INFO  HDA00100Console.ConsoleMain - Tenant REALTA-RCD
2025-04-30 23:55:06,781 INFO  HDA00100Console.ConsoleMain - START process method _getConnectionName 
2025-04-30 23:55:06,782 INFO  HDA00100Console.ConsoleMain - END process method _getConnectionName 
2025-04-30 23:55:06,782 INFO  HDA00100Console.HDA00100Process - START process method Process_HD_SCHEDULER_ACTION on Cls
2025-04-30 23:55:06,783 INFO  HDA00100Console.HDA00100Process - Execute query on method Process_HD_SCHEDULER_ACTION
2025-04-30 23:55:06,784 DEBUG HDA00100Console.HDA00100Process - Execute query RSP_HD_SCHEDULER_ACTION 
2025-04-30 23:55:06,959 INFO  HDA00100Console.HDA00100Process - END process method Process_HD_SCHEDULER_ACTION on Cls
2025-04-30 23:55:06,960 INFO  HDA00100Console.ConsoleMain - Connection name=realta-rcd_connectionstring : 
2025-04-30 23:55:06,960 INFO  HDA00100Console.ConsoleMain - END process method Main 
2025-04-30 23:55:06,960 INFO  Program - End Console Program
