2025-05-12 23:55:50,845 INFO  Program - Application starting...
2025-05-12 23:55:51,137 INFO  Program - Configuring application settings...
2025-05-12 23:55:51,223 INFO  Program - Application configuration loaded successfully.
2025-05-12 23:56:37,207 INFO  Program - Finished Configured Service at program cs
2025-05-12 23:56:37,207 INFO  Program - Configure service Succesfully
2025-05-12 23:57:08,158 DEBUG Program - {"CORRELATION_ID":"2b8bc9e2-c27e-4cf5-8c92-0c085763f25a","APPLICATION_ID":"Bimasakti","TENANT_ID":"All","COMPANY_ID":"All","PROGRAM_ID":"DatabaseAndMultiTenantConsole","USER_ID":"System","USER_NAME":"ConsoleSystem"}
2025-05-12 23:57:08,169 INFO  Program - Try to get Args on main
2025-05-12 23:57:08,169 INFO  Program - Get Helper MultiTenantHelper
2025-05-12 23:57:08,327 INFO  HDA00100Console.MulltiTenant.MultiTenantHelper - START process method InjectMultiTenantConnectionString on Cls
2025-05-12 23:57:09,521 INFO  HDA00100Console.MulltiTenant.MultiTenantHelper - Start Get connecction InjectMultiTenantConnectionString on Cls
2025-05-12 23:57:09,522 DEBUG HDA00100Console.MulltiTenant.MultiTenantHelper - Execute Command Select CTENANT_ID, CCONNECTIONSTRING, CPROVIDER_NAME, CKEYWORD_FOR_PASSWORD  from SAB_MULTI_TENANT_DB(nolock) where CAPPLICATION_ID={0}
2025-05-12 23:57:09,522 DEBUG HDA00100Console.MulltiTenant.MultiTenantHelper - Parameter Bimasakti : 
2025-05-12 23:57:10,114 DEBUG HDA00100Console.MulltiTenant.MultiTenantHelper - Execute Command select distinct  CTENANT_ID from( Select CTENANT_ID=REPLACE(REPLACE(CTENANT_ID,'_report_connectionstring',''),'_connectionstring','') from SAB_MULTI_TENANT_DB(nolock) where CAPPLICATION_ID={0} ) as final
2025-05-12 23:57:10,115 DEBUG HDA00100Console.MulltiTenant.MultiTenantHelper - Parameter Bimasakti : 
2025-05-12 23:57:10,123 INFO  HDA00100Console.MulltiTenant.MultiTenantHelper - END process method InjectMultiTenantConnectionString on Cls
2025-05-12 23:57:10,124 INFO  Program - Get Service ConsoleMain
2025-05-12 23:57:10,126 INFO  Program - Call Method Main
2025-05-12 23:57:10,136 INFO  HDA00100Console.ConsoleMain - START process method Main 
2025-05-12 23:57:10,137 INFO  HDA00100Console.ConsoleMain - Multi Tenant Database Connection
2025-05-12 23:57:10,137 INFO  HDA00100Console.ConsoleMain - Get Tenants
2025-05-12 23:57:10,137 INFO  HDA00100Console.ConsoleMain - Tenant REALTA-BSI
2025-05-12 23:57:10,137 INFO  HDA00100Console.ConsoleMain - START process method _getConnectionName 
2025-05-12 23:57:10,137 INFO  HDA00100Console.ConsoleMain - END process method _getConnectionName 
2025-05-12 23:57:10,138 INFO  HDA00100Console.HDA00100Process - START process method Process_HD_SCHEDULER_ACTION on Cls
2025-05-12 23:57:10,143 INFO  HDA00100Console.HDA00100Process - Execute query on method Process_HD_SCHEDULER_ACTION
2025-05-12 23:57:10,143 DEBUG HDA00100Console.HDA00100Process - Execute query RSP_HD_SCHEDULER_ACTION 
2025-05-12 23:57:11,838 INFO  HDA00100Console.HDA00100Process - END process method Process_HD_SCHEDULER_ACTION on Cls
2025-05-12 23:57:11,838 INFO  HDA00100Console.ConsoleMain - Connection name=realta-bsi_connectionstring : 
2025-05-12 23:57:11,839 INFO  HDA00100Console.ConsoleMain - Tenant REALTA-RCD
2025-05-12 23:57:11,839 INFO  HDA00100Console.ConsoleMain - START process method _getConnectionName 
2025-05-12 23:57:11,839 INFO  HDA00100Console.ConsoleMain - END process method _getConnectionName 
2025-05-12 23:57:11,839 INFO  HDA00100Console.HDA00100Process - START process method Process_HD_SCHEDULER_ACTION on Cls
2025-05-12 23:57:11,840 INFO  HDA00100Console.HDA00100Process - Execute query on method Process_HD_SCHEDULER_ACTION
2025-05-12 23:57:11,840 DEBUG HDA00100Console.HDA00100Process - Execute query RSP_HD_SCHEDULER_ACTION 
2025-05-12 23:57:12,011 INFO  HDA00100Console.HDA00100Process - END process method Process_HD_SCHEDULER_ACTION on Cls
2025-05-12 23:57:12,274 INFO  HDA00100Console.ConsoleMain - Connection name=realta-rcd_connectionstring : 
2025-05-12 23:57:12,275 INFO  HDA00100Console.ConsoleMain - END process method Main 
2025-05-12 23:57:12,275 INFO  Program - End Console Program
