2025-05-09 23:55:02,625 INFO  Program - Application starting...
2025-05-09 23:55:02,738 INFO  Program - Configuring application settings...
2025-05-09 23:55:02,758 INFO  Program - Application configuration loaded successfully.
2025-05-09 23:55:03,618 INFO  Program - Finished Configured Service at program cs
2025-05-09 23:55:03,618 INFO  Program - Configure service Succesfully
2025-05-09 23:55:03,717 DEBUG Program - {"CORRELATION_ID":"a9ef86a2-fb79-4d4b-a119-a0dca7394ff6","APPLICATION_ID":"Bimasakti","TENANT_ID":"All","COMPANY_ID":"All","PROGRAM_ID":"DatabaseAndMultiTenantConsole","USER_ID":"System","USER_NAME":"ConsoleSystem"}
2025-05-09 23:55:03,721 INFO  Program - Try to get Args on main
2025-05-09 23:55:03,722 INFO  Program - Get Helper MultiTenantHelper
2025-05-09 23:55:03,765 INFO  HDA00100Console.MulltiTenant.MultiTenantHelper - START process method InjectMultiTenantConnectionString on Cls
2025-05-09 23:55:03,911 INFO  HDA00100Console.MulltiTenant.MultiTenantHelper - Start Get connecction InjectMultiTenantConnectionString on Cls
2025-05-09 23:55:03,911 DEBUG HDA00100Console.MulltiTenant.MultiTenantHelper - Execute Command Select CTENANT_ID, CCONNECTIONSTRING, CPROVIDER_NAME, CKEYWORD_FOR_PASSWORD  from SAB_MULTI_TENANT_DB(nolock) where CAPPLICATION_ID={0}
2025-05-09 23:55:03,911 DEBUG HDA00100Console.MulltiTenant.MultiTenantHelper - Parameter Bimasakti : 
2025-05-09 23:55:04,220 DEBUG HDA00100Console.MulltiTenant.MultiTenantHelper - Execute Command select distinct  CTENANT_ID from( Select CTENANT_ID=REPLACE(REPLACE(CTENANT_ID,'_report_connectionstring',''),'_connectionstring','') from SAB_MULTI_TENANT_DB(nolock) where CAPPLICATION_ID={0} ) as final
2025-05-09 23:55:04,220 DEBUG HDA00100Console.MulltiTenant.MultiTenantHelper - Parameter Bimasakti : 
2025-05-09 23:55:04,225 INFO  HDA00100Console.MulltiTenant.MultiTenantHelper - END process method InjectMultiTenantConnectionString on Cls
2025-05-09 23:55:04,225 INFO  Program - Get Service ConsoleMain
2025-05-09 23:55:04,226 INFO  Program - Call Method Main
2025-05-09 23:55:04,228 INFO  HDA00100Console.ConsoleMain - START process method Main 
2025-05-09 23:55:04,228 INFO  HDA00100Console.ConsoleMain - Multi Tenant Database Connection
2025-05-09 23:55:04,228 INFO  HDA00100Console.ConsoleMain - Get Tenants
2025-05-09 23:55:04,228 INFO  HDA00100Console.ConsoleMain - Tenant REALTA-BSI
2025-05-09 23:55:04,228 INFO  HDA00100Console.ConsoleMain - START process method _getConnectionName 
2025-05-09 23:55:04,228 INFO  HDA00100Console.ConsoleMain - END process method _getConnectionName 
2025-05-09 23:55:04,229 INFO  HDA00100Console.HDA00100Process - START process method Process_HD_SCHEDULER_ACTION on Cls
2025-05-09 23:55:04,230 INFO  HDA00100Console.HDA00100Process - Execute query on method Process_HD_SCHEDULER_ACTION
2025-05-09 23:55:04,230 DEBUG HDA00100Console.HDA00100Process - Execute query RSP_HD_SCHEDULER_ACTION 
2025-05-09 23:55:05,869 INFO  HDA00100Console.HDA00100Process - END process method Process_HD_SCHEDULER_ACTION on Cls
2025-05-09 23:55:05,869 INFO  HDA00100Console.ConsoleMain - Connection name=realta-bsi_connectionstring : 
2025-05-09 23:55:05,869 INFO  HDA00100Console.ConsoleMain - Tenant REALTA-RCD
2025-05-09 23:55:05,869 INFO  HDA00100Console.ConsoleMain - START process method _getConnectionName 
2025-05-09 23:55:05,869 INFO  HDA00100Console.ConsoleMain - END process method _getConnectionName 
2025-05-09 23:55:05,869 INFO  HDA00100Console.HDA00100Process - START process method Process_HD_SCHEDULER_ACTION on Cls
2025-05-09 23:55:05,870 INFO  HDA00100Console.HDA00100Process - Execute query on method Process_HD_SCHEDULER_ACTION
2025-05-09 23:55:05,870 DEBUG HDA00100Console.HDA00100Process - Execute query RSP_HD_SCHEDULER_ACTION 
2025-05-09 23:55:06,045 INFO  HDA00100Console.HDA00100Process - END process method Process_HD_SCHEDULER_ACTION on Cls
2025-05-09 23:55:06,046 INFO  HDA00100Console.ConsoleMain - Connection name=realta-rcd_connectionstring : 
2025-05-09 23:55:06,046 INFO  HDA00100Console.ConsoleMain - END process method Main 
2025-05-09 23:55:06,047 INFO  Program - End Console Program
