2025-04-27 23:55:05,833 INFO  Program - Application starting...
2025-04-27 23:55:06,096 INFO  Program - Configuring application settings...
2025-04-27 23:55:06,136 INFO  Program - Application configuration loaded successfully.
2025-04-27 23:55:09,033 INFO  Program - Finished Configured Service at program cs
2025-04-27 23:55:09,033 INFO  Program - Configure service Succesfully
2025-04-27 23:55:09,339 DEBUG Program - {"CORRELATION_ID":"dfcbaa6a-cf94-4eca-941a-bc292795bacc","APPLICATION_ID":"Bimasakti","TENANT_ID":"All","COMPANY_ID":"All","PROGRAM_ID":"DatabaseAndMultiTenantConsole","USER_ID":"System","USER_NAME":"ConsoleSystem"}
2025-04-27 23:55:09,349 INFO  Program - Try to get Args on main
2025-04-27 23:55:09,350 INFO  Program - Get Helper MultiTenantHelper
2025-04-27 23:55:09,368 INFO  HDA00100Console.MulltiTenant.MultiTenantHelper - START process method InjectMultiTenantConnectionString on Cls
2025-04-27 23:55:09,507 INFO  HDA00100Console.MulltiTenant.MultiTenantHelper - Start Get connecction InjectMultiTenantConnectionString on Cls
2025-04-27 23:55:09,507 DEBUG HDA00100Console.MulltiTenant.MultiTenantHelper - Execute Command Select CTENANT_ID, CCONNECTIONSTRING, CPROVIDER_NAME, CKEYWORD_FOR_PASSWORD  from SAB_MULTI_TENANT_DB(nolock) where CAPPLICATION_ID={0}
2025-04-27 23:55:09,508 DEBUG HDA00100Console.MulltiTenant.MultiTenantHelper - Parameter Bimasakti : 
2025-04-27 23:55:10,503 DEBUG HDA00100Console.MulltiTenant.MultiTenantHelper - Execute Command select distinct  CTENANT_ID from( Select CTENANT_ID=REPLACE(REPLACE(CTENANT_ID,'_report_connectionstring',''),'_connectionstring','') from SAB_MULTI_TENANT_DB(nolock) where CAPPLICATION_ID={0} ) as final
2025-04-27 23:55:10,504 DEBUG HDA00100Console.MulltiTenant.MultiTenantHelper - Parameter Bimasakti : 
2025-04-27 23:55:10,520 INFO  HDA00100Console.MulltiTenant.MultiTenantHelper - END process method InjectMultiTenantConnectionString on Cls
2025-04-27 23:55:10,521 INFO  Program - Get Service ConsoleMain
2025-04-27 23:55:10,525 INFO  Program - Call Method Main
2025-04-27 23:55:10,536 INFO  HDA00100Console.ConsoleMain - START process method Main 
2025-04-27 23:55:10,537 INFO  HDA00100Console.ConsoleMain - Multi Tenant Database Connection
2025-04-27 23:55:10,537 INFO  HDA00100Console.ConsoleMain - Get Tenants
2025-04-27 23:55:10,537 INFO  HDA00100Console.ConsoleMain - Tenant REALTA-BSI
2025-04-27 23:55:10,541 INFO  HDA00100Console.ConsoleMain - START process method _getConnectionName 
2025-04-27 23:55:10,541 INFO  HDA00100Console.ConsoleMain - END process method _getConnectionName 
2025-04-27 23:55:10,543 INFO  HDA00100Console.HDA00100Process - START process method Process_HD_SCHEDULER_ACTION on Cls
2025-04-27 23:55:10,547 INFO  HDA00100Console.HDA00100Process - Execute query on method Process_HD_SCHEDULER_ACTION
2025-04-27 23:55:10,547 DEBUG HDA00100Console.HDA00100Process - Execute query RSP_HD_SCHEDULER_ACTION 
2025-04-27 23:55:10,786 INFO  HDA00100Console.HDA00100Process - END process method Process_HD_SCHEDULER_ACTION on Cls
2025-04-27 23:55:10,786 INFO  HDA00100Console.ConsoleMain - Connection name=realta-bsi_connectionstring : 
2025-04-27 23:55:10,787 INFO  HDA00100Console.ConsoleMain - Tenant REALTA-RCD
2025-04-27 23:55:10,787 INFO  HDA00100Console.ConsoleMain - START process method _getConnectionName 
2025-04-27 23:55:10,787 INFO  HDA00100Console.ConsoleMain - END process method _getConnectionName 
2025-04-27 23:55:10,787 INFO  HDA00100Console.HDA00100Process - START process method Process_HD_SCHEDULER_ACTION on Cls
2025-04-27 23:55:10,788 INFO  HDA00100Console.HDA00100Process - Execute query on method Process_HD_SCHEDULER_ACTION
2025-04-27 23:55:10,789 DEBUG HDA00100Console.HDA00100Process - Execute query RSP_HD_SCHEDULER_ACTION 
2025-04-27 23:55:10,955 INFO  HDA00100Console.HDA00100Process - END process method Process_HD_SCHEDULER_ACTION on Cls
2025-04-27 23:55:10,955 INFO  HDA00100Console.ConsoleMain - Connection name=realta-rcd_connectionstring : 
2025-04-27 23:55:10,955 INFO  HDA00100Console.ConsoleMain - END process method Main 
2025-04-27 23:55:10,956 INFO  Program - End Console Program
