2025-06-07 23:55:03,174 INFO  Program - Application starting...
2025-06-07 23:55:03,320 INFO  Program - Configuring application settings...
2025-06-07 23:55:03,339 INFO  Program - Application configuration loaded successfully.
2025-06-07 23:55:04,301 INFO  Program - Finished Configured Service at program cs
2025-06-07 23:55:04,301 INFO  Program - Configure service Succesfully
2025-06-07 23:55:04,355 DEBUG Program - {"CORRELATION_ID":"2f47c3b5-3876-4027-82dd-2cbda130e53b","APPLICATION_ID":"Bimasakti","TENANT_ID":"All","COMPANY_ID":"All","PROGRAM_ID":"DatabaseAndMultiTenantConsole","USER_ID":"System","USER_NAME":"ConsoleSystem"}
2025-06-07 23:55:04,359 INFO  Program - Try to get Args on main
2025-06-07 23:55:04,360 INFO  Program - Get Helper MultiTenantHelper
2025-06-07 23:55:04,455 INFO  HDA00100Console.MulltiTenant.MultiTenantHelper - START process method InjectMultiTenantConnectionString on Cls
2025-06-07 23:55:04,591 INFO  HDA00100Console.MulltiTenant.MultiTenantHelper - Start Get connecction InjectMultiTenantConnectionString on Cls
2025-06-07 23:55:04,592 DEBUG HDA00100Console.MulltiTenant.MultiTenantHelper - Execute Command Select CTENANT_ID, CCONNECTIONSTRING, CPROVIDER_NAME, CKEYWORD_FOR_PASSWORD  from SAB_MULTI_TENANT_DB(nolock) where CAPPLICATION_ID={0}
2025-06-07 23:55:04,592 DEBUG HDA00100Console.MulltiTenant.MultiTenantHelper - Parameter Bimasakti : 
2025-06-07 23:55:04,957 DEBUG HDA00100Console.MulltiTenant.MultiTenantHelper - Execute Command select distinct  CTENANT_ID from( Select CTENANT_ID=REPLACE(REPLACE(CTENANT_ID,'_report_connectionstring',''),'_connectionstring','') from SAB_MULTI_TENANT_DB(nolock) where CAPPLICATION_ID={0} ) as final
2025-06-07 23:55:04,957 DEBUG HDA00100Console.MulltiTenant.MultiTenantHelper - Parameter Bimasakti : 
2025-06-07 23:55:04,962 INFO  HDA00100Console.MulltiTenant.MultiTenantHelper - END process method InjectMultiTenantConnectionString on Cls
2025-06-07 23:55:04,963 INFO  Program - Get Service ConsoleMain
2025-06-07 23:55:04,963 INFO  Program - Call Method Main
2025-06-07 23:55:04,965 INFO  HDA00100Console.ConsoleMain - START process method Main 
2025-06-07 23:55:04,965 INFO  HDA00100Console.ConsoleMain - Multi Tenant Database Connection
2025-06-07 23:55:04,965 INFO  HDA00100Console.ConsoleMain - Get Tenants
2025-06-07 23:55:04,965 INFO  HDA00100Console.ConsoleMain - Tenant REALTA-BSI
2025-06-07 23:55:04,966 INFO  HDA00100Console.ConsoleMain - START process method _getConnectionName 
2025-06-07 23:55:04,966 INFO  HDA00100Console.ConsoleMain - END process method _getConnectionName 
2025-06-07 23:55:04,967 INFO  HDA00100Console.HDA00100Process - START process method Process_HD_SCHEDULER_ACTION on Cls
2025-06-07 23:55:04,968 INFO  HDA00100Console.HDA00100Process - Execute query on method Process_HD_SCHEDULER_ACTION
2025-06-07 23:55:04,968 DEBUG HDA00100Console.HDA00100Process - Execute query RSP_HD_SCHEDULER_ACTION 
2025-06-07 23:55:05,230 ERROR HDA00100Console.HDA00100Process - Log Error R_Common.R_Exception: Exception of type 'R_Common.R_Exception' was thrown.
   at R_Common.R_Exception.ThrowExceptionIfErrors()
   at R_BackEnd.R_Db.SqlExecNonQuery(DbConnection poDbConnection, DbCommand poDbCommand, Boolean plAutoCloseConnection)
   at HDA00100Console.HDA00100Process.Process_HD_SCHEDULER_ACTION(String ConnectionString) 
2025-06-07 23:55:05,230 ERROR HDA00100Console.HDA00100Process - R_Common.R_Exception: Exception of type 'R_Common.R_Exception' was thrown.
2025-06-07 23:55:05,232 ERROR HDA00100Console.ConsoleMain - R_Common.R_Exception: Exception of type 'R_Common.R_Exception' was thrown.
2025-06-07 23:55:05,232 INFO  HDA00100Console.ConsoleMain - END process method Main 
2025-06-07 23:55:05,232 INFO  Program - End Console Program
