2025-05-03 23:55:02,983 INFO  Program - Application starting...
2025-05-03 23:55:03,112 INFO  Program - Configuring application settings...
2025-05-03 23:55:03,137 INFO  Program - Application configuration loaded successfully.
2025-05-03 23:55:04,177 INFO  Program - Finished Configured Service at program cs
2025-05-03 23:55:04,177 INFO  Program - Configure service Succesfully
2025-05-03 23:55:04,240 DEBUG Program - {"CORRELATION_ID":"9be89924-2041-4bc8-907a-4d965eee9766","APPLICATION_ID":"Bimasakti","TENANT_ID":"All","COMPANY_ID":"All","PROGRAM_ID":"DatabaseAndMultiTenantConsole","USER_ID":"System","USER_NAME":"ConsoleSystem"}
2025-05-03 23:55:04,244 INFO  Program - Try to get Args on main
2025-05-03 23:55:04,244 INFO  Program - Get Helper MultiTenantHelper
2025-05-03 23:55:04,346 INFO  HDA00100Console.MulltiTenant.MultiTenantHelper - START process method InjectMultiTenantConnectionString on Cls
2025-05-03 23:55:04,515 INFO  HDA00100Console.MulltiTenant.MultiTenantHelper - Start Get connecction InjectMultiTenantConnectionString on Cls
2025-05-03 23:55:04,515 DEBUG HDA00100Console.MulltiTenant.MultiTenantHelper - Execute Command Select CTENANT_ID, CCONNECTIONSTRING, CPROVIDER_NAME, CKEYWORD_FOR_PASSWORD  from SAB_MULTI_TENANT_DB(nolock) where CAPPLICATION_ID={0}
2025-05-03 23:55:04,515 DEBUG HDA00100Console.MulltiTenant.MultiTenantHelper - Parameter Bimasakti : 
2025-05-03 23:55:04,827 DEBUG HDA00100Console.MulltiTenant.MultiTenantHelper - Execute Command select distinct  CTENANT_ID from( Select CTENANT_ID=REPLACE(REPLACE(CTENANT_ID,'_report_connectionstring',''),'_connectionstring','') from SAB_MULTI_TENANT_DB(nolock) where CAPPLICATION_ID={0} ) as final
2025-05-03 23:55:04,828 DEBUG HDA00100Console.MulltiTenant.MultiTenantHelper - Parameter Bimasakti : 
2025-05-03 23:55:04,833 INFO  HDA00100Console.MulltiTenant.MultiTenantHelper - END process method InjectMultiTenantConnectionString on Cls
2025-05-03 23:55:04,833 INFO  Program - Get Service ConsoleMain
2025-05-03 23:55:04,834 INFO  Program - Call Method Main
2025-05-03 23:55:04,836 INFO  HDA00100Console.ConsoleMain - START process method Main 
2025-05-03 23:55:04,836 INFO  HDA00100Console.ConsoleMain - Multi Tenant Database Connection
2025-05-03 23:55:04,836 INFO  HDA00100Console.ConsoleMain - Get Tenants
2025-05-03 23:55:04,837 INFO  HDA00100Console.ConsoleMain - Tenant REALTA-BSI
2025-05-03 23:55:04,837 INFO  HDA00100Console.ConsoleMain - START process method _getConnectionName 
2025-05-03 23:55:04,837 INFO  HDA00100Console.ConsoleMain - END process method _getConnectionName 
2025-05-03 23:55:04,837 INFO  HDA00100Console.HDA00100Process - START process method Process_HD_SCHEDULER_ACTION on Cls
2025-05-03 23:55:04,838 INFO  HDA00100Console.HDA00100Process - Execute query on method Process_HD_SCHEDULER_ACTION
2025-05-03 23:55:04,839 DEBUG HDA00100Console.HDA00100Process - Execute query RSP_HD_SCHEDULER_ACTION 
2025-05-03 23:55:06,471 INFO  HDA00100Console.HDA00100Process - END process method Process_HD_SCHEDULER_ACTION on Cls
2025-05-03 23:55:06,471 INFO  HDA00100Console.ConsoleMain - Connection name=realta-bsi_connectionstring : 
2025-05-03 23:55:06,471 INFO  HDA00100Console.ConsoleMain - Tenant REALTA-RCD
2025-05-03 23:55:06,471 INFO  HDA00100Console.ConsoleMain - START process method _getConnectionName 
2025-05-03 23:55:06,471 INFO  HDA00100Console.ConsoleMain - END process method _getConnectionName 
2025-05-03 23:55:06,472 INFO  HDA00100Console.HDA00100Process - START process method Process_HD_SCHEDULER_ACTION on Cls
2025-05-03 23:55:06,472 INFO  HDA00100Console.HDA00100Process - Execute query on method Process_HD_SCHEDULER_ACTION
2025-05-03 23:55:06,472 DEBUG HDA00100Console.HDA00100Process - Execute query RSP_HD_SCHEDULER_ACTION 
2025-05-03 23:55:06,639 INFO  HDA00100Console.HDA00100Process - END process method Process_HD_SCHEDULER_ACTION on Cls
2025-05-03 23:55:06,640 INFO  HDA00100Console.ConsoleMain - Connection name=realta-rcd_connectionstring : 
2025-05-03 23:55:06,640 INFO  HDA00100Console.ConsoleMain - END process method Main 
2025-05-03 23:55:06,640 INFO  Program - End Console Program
