2025-04-30 00:54:02,820 INFO  Program - Application starting...
2025-04-30 00:54:02,840 INFO  Program - Configuring application settings...
2025-04-30 00:54:02,860 INFO  Program - Application configuration loaded successfully.
2025-04-30 00:54:02,867 INFO  Program - Adding services...
2025-04-30 00:54:02,878 INFO  Program - Services added successfully.
2025-04-30 00:54:02,930 INFO  Program - Get data config parameter
2025-04-30 00:54:02,932 INFO  PMA00300BACK.PMA00300Cls - START process method GetClientReportFormat on Cls
2025-04-30 00:54:02,954 INFO  PMA00300BACK.PMA00300Cls - Execute query on method GetClientReportFormat
2025-04-30 00:54:03,053 INFO  PMA00300BACK.PMA00300Cls - END process method GetClientReportFormat on Cls
2025-04-30 00:54:03,062 INFO  PMA00300BACK.PMA00300Cls - START process method ProcessReport on Cls
2025-04-30 00:54:03,063 INFO  PMA00300BACK.PMA00300Cls - assign loReportRule
2025-04-30 00:54:03,063 INFO  PMA00300BACK.PMA00300Cls - Get file Frx
2025-04-30 00:54:03,063 INFO  PMA00300BACK.PMA00300Cls - Create object Report Parameter
2025-04-30 00:54:03,063 INFO  PMA00300BACK.PMA00300Cls - Get Data Billing
2025-04-30 00:54:03,065 INFO  PMA00300BACK.PMA00300Cls - START process method GetDataBilling on Cls
2025-04-30 00:54:03,068 INFO  PMA00300BACK.PMA00300Cls - Execute query on method GetDataBilling
2025-04-30 00:54:03,334 INFO  PMA00300BACK.PMA00300Cls - Convert string to datetime format on method
2025-04-30 00:54:03,334 INFO  PMA00300BACK.PMA00300Cls - END process method GetDataBilling on Cls
2025-04-30 00:54:03,334 INFO  PMA00300BACK.PMA00300Cls - Assign parameter for detail unit
2025-04-30 00:54:03,334 INFO  PMA00300BACK.PMA00300Cls - Get Data Detail Unit
2025-04-30 00:54:03,335 INFO  PMA00300BACK.PMA00300Cls - START process method GeDataDetailUnitList on Cls
2025-04-30 00:54:03,335 INFO  PMA00300BACK.PMA00300Cls - Execute query on method GeDataDetailUnitList
2025-04-30 00:54:03,404 INFO  PMA00300BACK.PMA00300Cls - END process method GeDataDetailUnitList on Cls
2025-04-30 00:54:03,404 INFO  PMA00300BACK.PMA00300Cls - Assign parameter for detail utility
2025-04-30 00:54:03,404 INFO  PMA00300BACK.PMA00300Cls - Get Data Detail Utility
2025-04-30 00:54:03,405 INFO  PMA00300BACK.PMA00300Cls - START process method GeDataDetailUnitList on Cls
2025-04-30 00:54:03,405 INFO  PMA00300BACK.PMA00300Cls - Execute query on method GeDataDetailUnitList
2025-04-30 00:54:03,475 INFO  PMA00300BACK.PMA00300Cls - END process method GeDataDetailUnitList on Cls
2025-04-30 00:54:03,476 INFO  PMA00300BACK.PMA00300Cls - Set Label Report
2025-04-30 00:54:03,482 INFO  PMA00300BACK.PMA00300Cls - Get Data Logo
2025-04-30 00:54:03,483 INFO  PMA00300BACK.PMA00300Cls - START process method GetLogoCompany on Cls
2025-04-30 00:54:03,483 INFO  PMA00300BACK.PMA00300Cls - Execute query on method GetLogoCompany
2025-04-30 00:54:03,487 INFO  PMA00300BACK.PMA00300Cls - END process method GetLogoCompany on Cls
2025-04-30 00:54:03,488 INFO  PMA00300BACK.PMA00300Cls - Get Connection Attribute
2025-04-30 00:54:03,488 INFO  PMA00300BACK.PMA00300Cls - END process method ProcessReport on Cls
2025-04-30 00:54:03,488 INFO  Program - Application executed successfully.
2025-04-30 01:54:02,840 INFO  Program - Application starting...
2025-04-30 01:54:02,861 INFO  Program - Configuring application settings...
2025-04-30 01:54:02,882 INFO  Program - Application configuration loaded successfully.
2025-04-30 01:54:02,890 INFO  Program - Adding services...
2025-04-30 01:54:02,902 INFO  Program - Services added successfully.
2025-04-30 01:54:02,954 INFO  Program - Get data config parameter
2025-04-30 01:54:02,955 INFO  PMA00300BACK.PMA00300Cls - START process method GetClientReportFormat on Cls
2025-04-30 01:54:02,977 INFO  PMA00300BACK.PMA00300Cls - Execute query on method GetClientReportFormat
2025-04-30 01:54:03,064 INFO  PMA00300BACK.PMA00300Cls - END process method GetClientReportFormat on Cls
2025-04-30 01:54:03,071 INFO  PMA00300BACK.PMA00300Cls - START process method ProcessReport on Cls
2025-04-30 01:54:03,071 INFO  PMA00300BACK.PMA00300Cls - assign loReportRule
2025-04-30 01:54:03,072 INFO  PMA00300BACK.PMA00300Cls - Get file Frx
2025-04-30 01:54:03,072 INFO  PMA00300BACK.PMA00300Cls - Create object Report Parameter
2025-04-30 01:54:03,072 INFO  PMA00300BACK.PMA00300Cls - Get Data Billing
2025-04-30 01:54:03,074 INFO  PMA00300BACK.PMA00300Cls - START process method GetDataBilling on Cls
2025-04-30 01:54:03,077 INFO  PMA00300BACK.PMA00300Cls - Execute query on method GetDataBilling
2025-04-30 01:54:03,349 INFO  PMA00300BACK.PMA00300Cls - Convert string to datetime format on method
2025-04-30 01:54:03,350 INFO  PMA00300BACK.PMA00300Cls - END process method GetDataBilling on Cls
2025-04-30 01:54:03,350 INFO  PMA00300BACK.PMA00300Cls - Assign parameter for detail unit
2025-04-30 01:54:03,350 INFO  PMA00300BACK.PMA00300Cls - Get Data Detail Unit
2025-04-30 01:54:03,351 INFO  PMA00300BACK.PMA00300Cls - START process method GeDataDetailUnitList on Cls
2025-04-30 01:54:03,351 INFO  PMA00300BACK.PMA00300Cls - Execute query on method GeDataDetailUnitList
2025-04-30 01:54:03,424 INFO  PMA00300BACK.PMA00300Cls - END process method GeDataDetailUnitList on Cls
2025-04-30 01:54:03,424 INFO  PMA00300BACK.PMA00300Cls - Assign parameter for detail utility
2025-04-30 01:54:03,424 INFO  PMA00300BACK.PMA00300Cls - Get Data Detail Utility
2025-04-30 01:54:03,425 INFO  PMA00300BACK.PMA00300Cls - START process method GeDataDetailUnitList on Cls
2025-04-30 01:54:03,426 INFO  PMA00300BACK.PMA00300Cls - Execute query on method GeDataDetailUnitList
2025-04-30 01:54:03,506 INFO  PMA00300BACK.PMA00300Cls - END process method GeDataDetailUnitList on Cls
2025-04-30 01:54:03,506 INFO  PMA00300BACK.PMA00300Cls - Set Label Report
2025-04-30 01:54:03,514 INFO  PMA00300BACK.PMA00300Cls - Get Data Logo
2025-04-30 01:54:03,514 INFO  PMA00300BACK.PMA00300Cls - START process method GetLogoCompany on Cls
2025-04-30 01:54:03,515 INFO  PMA00300BACK.PMA00300Cls - Execute query on method GetLogoCompany
2025-04-30 01:54:03,519 INFO  PMA00300BACK.PMA00300Cls - END process method GetLogoCompany on Cls
2025-04-30 01:54:03,519 INFO  PMA00300BACK.PMA00300Cls - Get Connection Attribute
2025-04-30 01:54:03,519 INFO  PMA00300BACK.PMA00300Cls - END process method ProcessReport on Cls
2025-04-30 01:54:03,519 INFO  Program - Application executed successfully.
2025-04-30 02:54:02,844 INFO  Program - Application starting...
2025-04-30 02:54:02,865 INFO  Program - Configuring application settings...
2025-04-30 02:54:02,888 INFO  Program - Application configuration loaded successfully.
2025-04-30 02:54:02,897 INFO  Program - Adding services...
2025-04-30 02:54:02,911 INFO  Program - Services added successfully.
2025-04-30 02:54:02,966 INFO  Program - Get data config parameter
2025-04-30 02:54:02,968 INFO  PMA00300BACK.PMA00300Cls - START process method GetClientReportFormat on Cls
2025-04-30 02:54:02,993 INFO  PMA00300BACK.PMA00300Cls - Execute query on method GetClientReportFormat
2025-04-30 02:54:03,086 INFO  PMA00300BACK.PMA00300Cls - END process method GetClientReportFormat on Cls
2025-04-30 02:54:03,094 INFO  PMA00300BACK.PMA00300Cls - START process method ProcessReport on Cls
2025-04-30 02:54:03,094 INFO  PMA00300BACK.PMA00300Cls - assign loReportRule
2025-04-30 02:54:03,094 INFO  PMA00300BACK.PMA00300Cls - Get file Frx
2025-04-30 02:54:03,094 INFO  PMA00300BACK.PMA00300Cls - Create object Report Parameter
2025-04-30 02:54:03,095 INFO  PMA00300BACK.PMA00300Cls - Get Data Billing
2025-04-30 02:54:03,097 INFO  PMA00300BACK.PMA00300Cls - START process method GetDataBilling on Cls
2025-04-30 02:54:03,099 INFO  PMA00300BACK.PMA00300Cls - Execute query on method GetDataBilling
2025-04-30 02:54:03,367 INFO  PMA00300BACK.PMA00300Cls - Convert string to datetime format on method
2025-04-30 02:54:03,367 INFO  PMA00300BACK.PMA00300Cls - END process method GetDataBilling on Cls
2025-04-30 02:54:03,367 INFO  PMA00300BACK.PMA00300Cls - Assign parameter for detail unit
2025-04-30 02:54:03,367 INFO  PMA00300BACK.PMA00300Cls - Get Data Detail Unit
2025-04-30 02:54:03,367 INFO  PMA00300BACK.PMA00300Cls - START process method GeDataDetailUnitList on Cls
2025-04-30 02:54:03,368 INFO  PMA00300BACK.PMA00300Cls - Execute query on method GeDataDetailUnitList
2025-04-30 02:54:03,442 INFO  PMA00300BACK.PMA00300Cls - END process method GeDataDetailUnitList on Cls
2025-04-30 02:54:03,443 INFO  PMA00300BACK.PMA00300Cls - Assign parameter for detail utility
2025-04-30 02:54:03,443 INFO  PMA00300BACK.PMA00300Cls - Get Data Detail Utility
2025-04-30 02:54:03,443 INFO  PMA00300BACK.PMA00300Cls - START process method GeDataDetailUnitList on Cls
2025-04-30 02:54:03,444 INFO  PMA00300BACK.PMA00300Cls - Execute query on method GeDataDetailUnitList
2025-04-30 02:54:03,519 INFO  PMA00300BACK.PMA00300Cls - END process method GeDataDetailUnitList on Cls
2025-04-30 02:54:03,519 INFO  PMA00300BACK.PMA00300Cls - Set Label Report
2025-04-30 02:54:03,528 INFO  PMA00300BACK.PMA00300Cls - Get Data Logo
2025-04-30 02:54:03,528 INFO  PMA00300BACK.PMA00300Cls - START process method GetLogoCompany on Cls
2025-04-30 02:54:03,528 INFO  PMA00300BACK.PMA00300Cls - Execute query on method GetLogoCompany
2025-04-30 02:54:03,533 INFO  PMA00300BACK.PMA00300Cls - END process method GetLogoCompany on Cls
2025-04-30 02:54:03,533 INFO  PMA00300BACK.PMA00300Cls - Get Connection Attribute
2025-04-30 02:54:03,533 INFO  PMA00300BACK.PMA00300Cls - END process method ProcessReport on Cls
2025-04-30 02:54:03,533 INFO  Program - Application executed successfully.
2025-04-30 03:54:02,856 INFO  Program - Application starting...
2025-04-30 03:54:02,877 INFO  Program - Configuring application settings...
2025-04-30 03:54:02,899 INFO  Program - Application configuration loaded successfully.
2025-04-30 03:54:02,907 INFO  Program - Adding services...
2025-04-30 03:54:02,919 INFO  Program - Services added successfully.
2025-04-30 03:54:02,970 INFO  Program - Get data config parameter
2025-04-30 03:54:02,972 INFO  PMA00300BACK.PMA00300Cls - START process method GetClientReportFormat on Cls
2025-04-30 03:54:02,996 INFO  PMA00300BACK.PMA00300Cls - Execute query on method GetClientReportFormat
2025-04-30 03:54:03,086 INFO  PMA00300BACK.PMA00300Cls - END process method GetClientReportFormat on Cls
2025-04-30 03:54:03,094 INFO  PMA00300BACK.PMA00300Cls - START process method ProcessReport on Cls
2025-04-30 03:54:03,095 INFO  PMA00300BACK.PMA00300Cls - assign loReportRule
2025-04-30 03:54:03,095 INFO  PMA00300BACK.PMA00300Cls - Get file Frx
2025-04-30 03:54:03,095 INFO  PMA00300BACK.PMA00300Cls - Create object Report Parameter
2025-04-30 03:54:03,095 INFO  PMA00300BACK.PMA00300Cls - Get Data Billing
2025-04-30 03:54:03,097 INFO  PMA00300BACK.PMA00300Cls - START process method GetDataBilling on Cls
2025-04-30 03:54:03,099 INFO  PMA00300BACK.PMA00300Cls - Execute query on method GetDataBilling
2025-04-30 03:54:03,375 INFO  PMA00300BACK.PMA00300Cls - Convert string to datetime format on method
2025-04-30 03:54:03,375 INFO  PMA00300BACK.PMA00300Cls - END process method GetDataBilling on Cls
2025-04-30 03:54:03,375 INFO  PMA00300BACK.PMA00300Cls - Assign parameter for detail unit
2025-04-30 03:54:03,376 INFO  PMA00300BACK.PMA00300Cls - Get Data Detail Unit
2025-04-30 03:54:03,377 INFO  PMA00300BACK.PMA00300Cls - START process method GeDataDetailUnitList on Cls
2025-04-30 03:54:03,378 INFO  PMA00300BACK.PMA00300Cls - Execute query on method GeDataDetailUnitList
2025-04-30 03:54:03,457 INFO  PMA00300BACK.PMA00300Cls - END process method GeDataDetailUnitList on Cls
2025-04-30 03:54:03,458 INFO  PMA00300BACK.PMA00300Cls - Assign parameter for detail utility
2025-04-30 03:54:03,458 INFO  PMA00300BACK.PMA00300Cls - Get Data Detail Utility
2025-04-30 03:54:03,459 INFO  PMA00300BACK.PMA00300Cls - START process method GeDataDetailUnitList on Cls
2025-04-30 03:54:03,459 INFO  PMA00300BACK.PMA00300Cls - Execute query on method GeDataDetailUnitList
2025-04-30 03:54:03,533 INFO  PMA00300BACK.PMA00300Cls - END process method GeDataDetailUnitList on Cls
2025-04-30 03:54:03,534 INFO  PMA00300BACK.PMA00300Cls - Set Label Report
2025-04-30 03:54:03,547 INFO  PMA00300BACK.PMA00300Cls - Get Data Logo
2025-04-30 03:54:03,547 INFO  PMA00300BACK.PMA00300Cls - START process method GetLogoCompany on Cls
2025-04-30 03:54:03,548 INFO  PMA00300BACK.PMA00300Cls - Execute query on method GetLogoCompany
2025-04-30 03:54:03,555 INFO  PMA00300BACK.PMA00300Cls - END process method GetLogoCompany on Cls
2025-04-30 03:54:03,555 INFO  PMA00300BACK.PMA00300Cls - Get Connection Attribute
2025-04-30 03:54:03,556 INFO  PMA00300BACK.PMA00300Cls - END process method ProcessReport on Cls
2025-04-30 03:54:03,556 INFO  Program - Application executed successfully.
2025-04-30 04:54:02,876 INFO  Program - Application starting...
2025-04-30 04:54:02,899 INFO  Program - Configuring application settings...
2025-04-30 04:54:02,920 INFO  Program - Application configuration loaded successfully.
2025-04-30 04:54:02,928 INFO  Program - Adding services...
2025-04-30 04:54:02,941 INFO  Program - Services added successfully.
2025-04-30 04:54:02,993 INFO  Program - Get data config parameter
2025-04-30 04:54:02,995 INFO  PMA00300BACK.PMA00300Cls - START process method GetClientReportFormat on Cls
2025-04-30 04:54:03,020 INFO  PMA00300BACK.PMA00300Cls - Execute query on method GetClientReportFormat
2025-04-30 04:54:03,112 INFO  PMA00300BACK.PMA00300Cls - END process method GetClientReportFormat on Cls
2025-04-30 04:54:03,120 INFO  PMA00300BACK.PMA00300Cls - START process method ProcessReport on Cls
2025-04-30 04:54:03,120 INFO  PMA00300BACK.PMA00300Cls - assign loReportRule
2025-04-30 04:54:03,120 INFO  PMA00300BACK.PMA00300Cls - Get file Frx
2025-04-30 04:54:03,121 INFO  PMA00300BACK.PMA00300Cls - Create object Report Parameter
2025-04-30 04:54:03,121 INFO  PMA00300BACK.PMA00300Cls - Get Data Billing
2025-04-30 04:54:03,122 INFO  PMA00300BACK.PMA00300Cls - START process method GetDataBilling on Cls
2025-04-30 04:54:03,125 INFO  PMA00300BACK.PMA00300Cls - Execute query on method GetDataBilling
2025-04-30 04:54:03,401 INFO  PMA00300BACK.PMA00300Cls - Convert string to datetime format on method
2025-04-30 04:54:03,401 INFO  PMA00300BACK.PMA00300Cls - END process method GetDataBilling on Cls
2025-04-30 04:54:03,402 INFO  PMA00300BACK.PMA00300Cls - Assign parameter for detail unit
2025-04-30 04:54:03,402 INFO  PMA00300BACK.PMA00300Cls - Get Data Detail Unit
2025-04-30 04:54:03,402 INFO  PMA00300BACK.PMA00300Cls - START process method GeDataDetailUnitList on Cls
2025-04-30 04:54:03,403 INFO  PMA00300BACK.PMA00300Cls - Execute query on method GeDataDetailUnitList
2025-04-30 04:54:03,475 INFO  PMA00300BACK.PMA00300Cls - END process method GeDataDetailUnitList on Cls
2025-04-30 04:54:03,475 INFO  PMA00300BACK.PMA00300Cls - Assign parameter for detail utility
2025-04-30 04:54:03,475 INFO  PMA00300BACK.PMA00300Cls - Get Data Detail Utility
2025-04-30 04:54:03,476 INFO  PMA00300BACK.PMA00300Cls - START process method GeDataDetailUnitList on Cls
2025-04-30 04:54:03,476 INFO  PMA00300BACK.PMA00300Cls - Execute query on method GeDataDetailUnitList
2025-04-30 04:54:03,548 INFO  PMA00300BACK.PMA00300Cls - END process method GeDataDetailUnitList on Cls
2025-04-30 04:54:03,548 INFO  PMA00300BACK.PMA00300Cls - Set Label Report
2025-04-30 04:54:03,555 INFO  PMA00300BACK.PMA00300Cls - Get Data Logo
2025-04-30 04:54:03,555 INFO  PMA00300BACK.PMA00300Cls - START process method GetLogoCompany on Cls
2025-04-30 04:54:03,556 INFO  PMA00300BACK.PMA00300Cls - Execute query on method GetLogoCompany
2025-04-30 04:54:03,560 INFO  PMA00300BACK.PMA00300Cls - END process method GetLogoCompany on Cls
2025-04-30 04:54:03,560 INFO  PMA00300BACK.PMA00300Cls - Get Connection Attribute
2025-04-30 04:54:03,560 INFO  PMA00300BACK.PMA00300Cls - END process method ProcessReport on Cls
2025-04-30 04:54:03,560 INFO  Program - Application executed successfully.
2025-04-30 05:54:02,857 INFO  Program - Application starting...
2025-04-30 05:54:02,877 INFO  Program - Configuring application settings...
2025-04-30 05:54:02,898 INFO  Program - Application configuration loaded successfully.
2025-04-30 05:54:02,907 INFO  Program - Adding services...
2025-04-30 05:54:02,921 INFO  Program - Services added successfully.
2025-04-30 05:54:02,978 INFO  Program - Get data config parameter
2025-04-30 05:54:02,980 INFO  PMA00300BACK.PMA00300Cls - START process method GetClientReportFormat on Cls
2025-04-30 05:54:03,003 INFO  PMA00300BACK.PMA00300Cls - Execute query on method GetClientReportFormat
2025-04-30 05:54:03,093 INFO  PMA00300BACK.PMA00300Cls - END process method GetClientReportFormat on Cls
2025-04-30 05:54:03,101 INFO  PMA00300BACK.PMA00300Cls - START process method ProcessReport on Cls
2025-04-30 05:54:03,101 INFO  PMA00300BACK.PMA00300Cls - assign loReportRule
2025-04-30 05:54:03,102 INFO  PMA00300BACK.PMA00300Cls - Get file Frx
2025-04-30 05:54:03,102 INFO  PMA00300BACK.PMA00300Cls - Create object Report Parameter
2025-04-30 05:54:03,102 INFO  PMA00300BACK.PMA00300Cls - Get Data Billing
2025-04-30 05:54:03,104 INFO  PMA00300BACK.PMA00300Cls - START process method GetDataBilling on Cls
2025-04-30 05:54:03,108 INFO  PMA00300BACK.PMA00300Cls - Execute query on method GetDataBilling
2025-04-30 05:54:03,377 INFO  PMA00300BACK.PMA00300Cls - Convert string to datetime format on method
2025-04-30 05:54:03,378 INFO  PMA00300BACK.PMA00300Cls - END process method GetDataBilling on Cls
2025-04-30 05:54:03,378 INFO  PMA00300BACK.PMA00300Cls - Assign parameter for detail unit
2025-04-30 05:54:03,378 INFO  PMA00300BACK.PMA00300Cls - Get Data Detail Unit
2025-04-30 05:54:03,379 INFO  PMA00300BACK.PMA00300Cls - START process method GeDataDetailUnitList on Cls
2025-04-30 05:54:03,381 INFO  PMA00300BACK.PMA00300Cls - Execute query on method GeDataDetailUnitList
2025-04-30 05:54:03,452 INFO  PMA00300BACK.PMA00300Cls - END process method GeDataDetailUnitList on Cls
2025-04-30 05:54:03,452 INFO  PMA00300BACK.PMA00300Cls - Assign parameter for detail utility
2025-04-30 05:54:03,452 INFO  PMA00300BACK.PMA00300Cls - Get Data Detail Utility
2025-04-30 05:54:03,453 INFO  PMA00300BACK.PMA00300Cls - START process method GeDataDetailUnitList on Cls
2025-04-30 05:54:03,453 INFO  PMA00300BACK.PMA00300Cls - Execute query on method GeDataDetailUnitList
2025-04-30 05:54:03,522 INFO  PMA00300BACK.PMA00300Cls - END process method GeDataDetailUnitList on Cls
2025-04-30 05:54:03,522 INFO  PMA00300BACK.PMA00300Cls - Set Label Report
2025-04-30 05:54:03,527 INFO  PMA00300BACK.PMA00300Cls - Get Data Logo
2025-04-30 05:54:03,528 INFO  PMA00300BACK.PMA00300Cls - START process method GetLogoCompany on Cls
2025-04-30 05:54:03,528 INFO  PMA00300BACK.PMA00300Cls - Execute query on method GetLogoCompany
2025-04-30 05:54:03,533 INFO  PMA00300BACK.PMA00300Cls - END process method GetLogoCompany on Cls
2025-04-30 05:54:03,533 INFO  PMA00300BACK.PMA00300Cls - Get Connection Attribute
2025-04-30 05:54:03,533 INFO  PMA00300BACK.PMA00300Cls - END process method ProcessReport on Cls
2025-04-30 05:54:03,533 INFO  Program - Application executed successfully.
2025-04-30 06:54:02,909 INFO  Program - Application starting...
2025-04-30 06:54:02,930 INFO  Program - Configuring application settings...
2025-04-30 06:54:02,952 INFO  Program - Application configuration loaded successfully.
2025-04-30 06:54:02,962 INFO  Program - Adding services...
2025-04-30 06:54:02,974 INFO  Program - Services added successfully.
2025-04-30 06:54:03,025 INFO  Program - Get data config parameter
2025-04-30 06:54:03,026 INFO  PMA00300BACK.PMA00300Cls - START process method GetClientReportFormat on Cls
2025-04-30 06:54:03,048 INFO  PMA00300BACK.PMA00300Cls - Execute query on method GetClientReportFormat
2025-04-30 06:54:03,135 INFO  PMA00300BACK.PMA00300Cls - END process method GetClientReportFormat on Cls
2025-04-30 06:54:03,143 INFO  PMA00300BACK.PMA00300Cls - START process method ProcessReport on Cls
2025-04-30 06:54:03,144 INFO  PMA00300BACK.PMA00300Cls - assign loReportRule
2025-04-30 06:54:03,144 INFO  PMA00300BACK.PMA00300Cls - Get file Frx
2025-04-30 06:54:03,144 INFO  PMA00300BACK.PMA00300Cls - Create object Report Parameter
2025-04-30 06:54:03,144 INFO  PMA00300BACK.PMA00300Cls - Get Data Billing
2025-04-30 06:54:03,146 INFO  PMA00300BACK.PMA00300Cls - START process method GetDataBilling on Cls
2025-04-30 06:54:03,148 INFO  PMA00300BACK.PMA00300Cls - Execute query on method GetDataBilling
2025-04-30 06:54:03,421 INFO  PMA00300BACK.PMA00300Cls - Convert string to datetime format on method
2025-04-30 06:54:03,421 INFO  PMA00300BACK.PMA00300Cls - END process method GetDataBilling on Cls
2025-04-30 06:54:03,421 INFO  PMA00300BACK.PMA00300Cls - Assign parameter for detail unit
2025-04-30 06:54:03,421 INFO  PMA00300BACK.PMA00300Cls - Get Data Detail Unit
2025-04-30 06:54:03,422 INFO  PMA00300BACK.PMA00300Cls - START process method GeDataDetailUnitList on Cls
2025-04-30 06:54:03,423 INFO  PMA00300BACK.PMA00300Cls - Execute query on method GeDataDetailUnitList
2025-04-30 06:54:03,497 INFO  PMA00300BACK.PMA00300Cls - END process method GeDataDetailUnitList on Cls
2025-04-30 06:54:03,497 INFO  PMA00300BACK.PMA00300Cls - Assign parameter for detail utility
2025-04-30 06:54:03,497 INFO  PMA00300BACK.PMA00300Cls - Get Data Detail Utility
2025-04-30 06:54:03,497 INFO  PMA00300BACK.PMA00300Cls - START process method GeDataDetailUnitList on Cls
2025-04-30 06:54:03,498 INFO  PMA00300BACK.PMA00300Cls - Execute query on method GeDataDetailUnitList
2025-04-30 06:54:03,570 INFO  PMA00300BACK.PMA00300Cls - END process method GeDataDetailUnitList on Cls
2025-04-30 06:54:03,570 INFO  PMA00300BACK.PMA00300Cls - Set Label Report
2025-04-30 06:54:03,580 INFO  PMA00300BACK.PMA00300Cls - Get Data Logo
2025-04-30 06:54:03,581 INFO  PMA00300BACK.PMA00300Cls - START process method GetLogoCompany on Cls
2025-04-30 06:54:03,582 INFO  PMA00300BACK.PMA00300Cls - Execute query on method GetLogoCompany
2025-04-30 06:54:03,588 INFO  PMA00300BACK.PMA00300Cls - END process method GetLogoCompany on Cls
2025-04-30 06:54:03,588 INFO  PMA00300BACK.PMA00300Cls - Get Connection Attribute
2025-04-30 06:54:03,588 INFO  PMA00300BACK.PMA00300Cls - END process method ProcessReport on Cls
2025-04-30 06:54:03,588 INFO  Program - Application executed successfully.
2025-04-30 07:54:02,864 INFO  Program - Application starting...
2025-04-30 07:54:02,886 INFO  Program - Configuring application settings...
2025-04-30 07:54:02,908 INFO  Program - Application configuration loaded successfully.
2025-04-30 07:54:02,916 INFO  Program - Adding services...
2025-04-30 07:54:02,928 INFO  Program - Services added successfully.
2025-04-30 07:54:02,980 INFO  Program - Get data config parameter
2025-04-30 07:54:02,982 INFO  PMA00300BACK.PMA00300Cls - START process method GetClientReportFormat on Cls
2025-04-30 07:54:03,005 INFO  PMA00300BACK.PMA00300Cls - Execute query on method GetClientReportFormat
2025-04-30 07:54:03,111 INFO  PMA00300BACK.PMA00300Cls - END process method GetClientReportFormat on Cls
2025-04-30 07:54:03,119 INFO  PMA00300BACK.PMA00300Cls - START process method ProcessReport on Cls
2025-04-30 07:54:03,119 INFO  PMA00300BACK.PMA00300Cls - assign loReportRule
2025-04-30 07:54:03,120 INFO  PMA00300BACK.PMA00300Cls - Get file Frx
2025-04-30 07:54:03,120 INFO  PMA00300BACK.PMA00300Cls - Create object Report Parameter
2025-04-30 07:54:03,120 INFO  PMA00300BACK.PMA00300Cls - Get Data Billing
2025-04-30 07:54:03,121 INFO  PMA00300BACK.PMA00300Cls - START process method GetDataBilling on Cls
2025-04-30 07:54:03,124 INFO  PMA00300BACK.PMA00300Cls - Execute query on method GetDataBilling
2025-04-30 07:54:03,391 INFO  PMA00300BACK.PMA00300Cls - Convert string to datetime format on method
2025-04-30 07:54:03,391 INFO  PMA00300BACK.PMA00300Cls - END process method GetDataBilling on Cls
2025-04-30 07:54:03,391 INFO  PMA00300BACK.PMA00300Cls - Assign parameter for detail unit
2025-04-30 07:54:03,391 INFO  PMA00300BACK.PMA00300Cls - Get Data Detail Unit
2025-04-30 07:54:03,392 INFO  PMA00300BACK.PMA00300Cls - START process method GeDataDetailUnitList on Cls
2025-04-30 07:54:03,393 INFO  PMA00300BACK.PMA00300Cls - Execute query on method GeDataDetailUnitList
2025-04-30 07:54:03,467 INFO  PMA00300BACK.PMA00300Cls - END process method GeDataDetailUnitList on Cls
2025-04-30 07:54:03,467 INFO  PMA00300BACK.PMA00300Cls - Assign parameter for detail utility
2025-04-30 07:54:03,467 INFO  PMA00300BACK.PMA00300Cls - Get Data Detail Utility
2025-04-30 07:54:03,467 INFO  PMA00300BACK.PMA00300Cls - START process method GeDataDetailUnitList on Cls
2025-04-30 07:54:03,468 INFO  PMA00300BACK.PMA00300Cls - Execute query on method GeDataDetailUnitList
2025-04-30 07:54:03,539 INFO  PMA00300BACK.PMA00300Cls - END process method GeDataDetailUnitList on Cls
2025-04-30 07:54:03,539 INFO  PMA00300BACK.PMA00300Cls - Set Label Report
2025-04-30 07:54:03,546 INFO  PMA00300BACK.PMA00300Cls - Get Data Logo
2025-04-30 07:54:03,547 INFO  PMA00300BACK.PMA00300Cls - START process method GetLogoCompany on Cls
2025-04-30 07:54:03,548 INFO  PMA00300BACK.PMA00300Cls - Execute query on method GetLogoCompany
2025-04-30 07:54:03,552 INFO  PMA00300BACK.PMA00300Cls - END process method GetLogoCompany on Cls
2025-04-30 07:54:03,553 INFO  PMA00300BACK.PMA00300Cls - Get Connection Attribute
2025-04-30 07:54:03,553 INFO  PMA00300BACK.PMA00300Cls - END process method ProcessReport on Cls
2025-04-30 07:54:03,553 INFO  Program - Application executed successfully.
2025-04-30 08:54:04,346 INFO  Program - Application starting...
2025-04-30 08:54:04,968 INFO  Program - Configuring application settings...
2025-04-30 08:54:05,064 INFO  Program - Application configuration loaded successfully.
2025-04-30 08:54:05,463 INFO  Program - Adding services...
2025-04-30 08:54:05,588 INFO  Program - Services added successfully.
2025-04-30 08:54:05,789 INFO  Program - Get data config parameter
2025-04-30 08:54:05,863 INFO  PMA00300BACK.PMA00300Cls - START process method GetClientReportFormat on Cls
2025-04-30 08:54:06,084 INFO  PMA00300BACK.PMA00300Cls - Execute query on method GetClientReportFormat
2025-04-30 08:54:06,240 INFO  PMA00300BACK.PMA00300Cls - END process method GetClientReportFormat on Cls
2025-04-30 08:54:06,327 INFO  PMA00300BACK.PMA00300Cls - START process method ProcessReport on Cls
2025-04-30 08:54:06,327 INFO  PMA00300BACK.PMA00300Cls - assign loReportRule
2025-04-30 08:54:06,327 INFO  PMA00300BACK.PMA00300Cls - Get file Frx
2025-04-30 08:54:06,330 INFO  PMA00300BACK.PMA00300Cls - Create object Report Parameter
2025-04-30 08:54:06,330 INFO  PMA00300BACK.PMA00300Cls - Get Data Billing
2025-04-30 08:54:06,332 INFO  PMA00300BACK.PMA00300Cls - START process method GetDataBilling on Cls
2025-04-30 08:54:06,335 INFO  PMA00300BACK.PMA00300Cls - Execute query on method GetDataBilling
2025-04-30 08:54:06,649 INFO  PMA00300BACK.PMA00300Cls - Convert string to datetime format on method
2025-04-30 08:54:06,650 INFO  PMA00300BACK.PMA00300Cls - END process method GetDataBilling on Cls
2025-04-30 08:54:06,650 INFO  PMA00300BACK.PMA00300Cls - Assign parameter for detail unit
2025-04-30 08:54:06,650 INFO  PMA00300BACK.PMA00300Cls - Get Data Detail Unit
2025-04-30 08:54:06,650 INFO  PMA00300BACK.PMA00300Cls - START process method GeDataDetailUnitList on Cls
2025-04-30 08:54:06,651 INFO  PMA00300BACK.PMA00300Cls - Execute query on method GeDataDetailUnitList
2025-04-30 08:54:06,726 INFO  PMA00300BACK.PMA00300Cls - END process method GeDataDetailUnitList on Cls
2025-04-30 08:54:06,726 INFO  PMA00300BACK.PMA00300Cls - Assign parameter for detail utility
2025-04-30 08:54:06,726 INFO  PMA00300BACK.PMA00300Cls - Get Data Detail Utility
2025-04-30 08:54:06,727 INFO  PMA00300BACK.PMA00300Cls - START process method GeDataDetailUnitList on Cls
2025-04-30 08:54:06,727 INFO  PMA00300BACK.PMA00300Cls - Execute query on method GeDataDetailUnitList
2025-04-30 08:54:06,796 INFO  PMA00300BACK.PMA00300Cls - END process method GeDataDetailUnitList on Cls
2025-04-30 08:54:06,796 INFO  PMA00300BACK.PMA00300Cls - Set Label Report
2025-04-30 08:54:06,802 INFO  PMA00300BACK.PMA00300Cls - Get Data Logo
2025-04-30 08:54:06,802 INFO  PMA00300BACK.PMA00300Cls - START process method GetLogoCompany on Cls
2025-04-30 08:54:06,803 INFO  PMA00300BACK.PMA00300Cls - Execute query on method GetLogoCompany
2025-04-30 08:54:06,808 INFO  PMA00300BACK.PMA00300Cls - END process method GetLogoCompany on Cls
2025-04-30 08:54:06,808 INFO  PMA00300BACK.PMA00300Cls - Get Connection Attribute
2025-04-30 08:54:06,809 INFO  PMA00300BACK.PMA00300Cls - END process method ProcessReport on Cls
2025-04-30 08:54:06,809 INFO  Program - Application executed successfully.
2025-04-30 09:54:03,236 INFO  Program - Application starting...
2025-04-30 09:54:03,295 INFO  Program - Configuring application settings...
2025-04-30 09:54:03,336 INFO  Program - Application configuration loaded successfully.
2025-04-30 09:54:03,349 INFO  Program - Adding services...
2025-04-30 09:54:03,378 INFO  Program - Services added successfully.
2025-04-30 09:54:03,458 INFO  Program - Get data config parameter
2025-04-30 09:54:03,463 INFO  PMA00300BACK.PMA00300Cls - START process method GetClientReportFormat on Cls
2025-04-30 09:54:03,524 INFO  PMA00300BACK.PMA00300Cls - Execute query on method GetClientReportFormat
2025-04-30 09:54:03,645 INFO  PMA00300BACK.PMA00300Cls - END process method GetClientReportFormat on Cls
2025-04-30 09:54:03,669 INFO  PMA00300BACK.PMA00300Cls - START process method ProcessReport on Cls
2025-04-30 09:54:03,669 INFO  PMA00300BACK.PMA00300Cls - assign loReportRule
2025-04-30 09:54:03,669 INFO  PMA00300BACK.PMA00300Cls - Get file Frx
2025-04-30 09:54:03,669 INFO  PMA00300BACK.PMA00300Cls - Create object Report Parameter
2025-04-30 09:54:03,669 INFO  PMA00300BACK.PMA00300Cls - Get Data Billing
2025-04-30 09:54:03,672 INFO  PMA00300BACK.PMA00300Cls - START process method GetDataBilling on Cls
2025-04-30 09:54:03,674 INFO  PMA00300BACK.PMA00300Cls - Execute query on method GetDataBilling
2025-04-30 09:54:03,944 INFO  PMA00300BACK.PMA00300Cls - Convert string to datetime format on method
2025-04-30 09:54:03,944 INFO  PMA00300BACK.PMA00300Cls - END process method GetDataBilling on Cls
2025-04-30 09:54:03,944 INFO  PMA00300BACK.PMA00300Cls - Assign parameter for detail unit
2025-04-30 09:54:03,944 INFO  PMA00300BACK.PMA00300Cls - Get Data Detail Unit
2025-04-30 09:54:03,945 INFO  PMA00300BACK.PMA00300Cls - START process method GeDataDetailUnitList on Cls
2025-04-30 09:54:03,945 INFO  PMA00300BACK.PMA00300Cls - Execute query on method GeDataDetailUnitList
2025-04-30 09:54:04,021 INFO  PMA00300BACK.PMA00300Cls - END process method GeDataDetailUnitList on Cls
2025-04-30 09:54:04,021 INFO  PMA00300BACK.PMA00300Cls - Assign parameter for detail utility
2025-04-30 09:54:04,021 INFO  PMA00300BACK.PMA00300Cls - Get Data Detail Utility
2025-04-30 09:54:04,022 INFO  PMA00300BACK.PMA00300Cls - START process method GeDataDetailUnitList on Cls
2025-04-30 09:54:04,022 INFO  PMA00300BACK.PMA00300Cls - Execute query on method GeDataDetailUnitList
2025-04-30 09:54:04,094 INFO  PMA00300BACK.PMA00300Cls - END process method GeDataDetailUnitList on Cls
2025-04-30 09:54:04,094 INFO  PMA00300BACK.PMA00300Cls - Set Label Report
2025-04-30 09:54:04,100 INFO  PMA00300BACK.PMA00300Cls - Get Data Logo
2025-04-30 09:54:04,101 INFO  PMA00300BACK.PMA00300Cls - START process method GetLogoCompany on Cls
2025-04-30 09:54:04,101 INFO  PMA00300BACK.PMA00300Cls - Execute query on method GetLogoCompany
2025-04-30 09:54:04,105 INFO  PMA00300BACK.PMA00300Cls - END process method GetLogoCompany on Cls
2025-04-30 09:54:04,105 INFO  PMA00300BACK.PMA00300Cls - Get Connection Attribute
2025-04-30 09:54:04,105 INFO  PMA00300BACK.PMA00300Cls - END process method ProcessReport on Cls
2025-04-30 09:54:04,105 INFO  Program - Application executed successfully.
2025-04-30 10:54:02,789 INFO  Program - Application starting...
2025-04-30 10:54:02,810 INFO  Program - Configuring application settings...
2025-04-30 10:54:02,831 INFO  Program - Application configuration loaded successfully.
2025-04-30 10:54:02,839 INFO  Program - Adding services...
2025-04-30 10:54:02,850 INFO  Program - Services added successfully.
2025-04-30 10:54:02,901 INFO  Program - Get data config parameter
2025-04-30 10:54:02,902 INFO  PMA00300BACK.PMA00300Cls - START process method GetClientReportFormat on Cls
2025-04-30 10:54:02,928 INFO  PMA00300BACK.PMA00300Cls - Execute query on method GetClientReportFormat
2025-04-30 10:54:03,018 INFO  PMA00300BACK.PMA00300Cls - END process method GetClientReportFormat on Cls
2025-04-30 10:54:03,026 INFO  PMA00300BACK.PMA00300Cls - START process method ProcessReport on Cls
2025-04-30 10:54:03,026 INFO  PMA00300BACK.PMA00300Cls - assign loReportRule
2025-04-30 10:54:03,026 INFO  PMA00300BACK.PMA00300Cls - Get file Frx
2025-04-30 10:54:03,026 INFO  PMA00300BACK.PMA00300Cls - Create object Report Parameter
2025-04-30 10:54:03,027 INFO  PMA00300BACK.PMA00300Cls - Get Data Billing
2025-04-30 10:54:03,028 INFO  PMA00300BACK.PMA00300Cls - START process method GetDataBilling on Cls
2025-04-30 10:54:03,031 INFO  PMA00300BACK.PMA00300Cls - Execute query on method GetDataBilling
2025-04-30 10:54:03,301 INFO  PMA00300BACK.PMA00300Cls - Convert string to datetime format on method
2025-04-30 10:54:03,301 INFO  PMA00300BACK.PMA00300Cls - END process method GetDataBilling on Cls
2025-04-30 10:54:03,301 INFO  PMA00300BACK.PMA00300Cls - Assign parameter for detail unit
2025-04-30 10:54:03,301 INFO  PMA00300BACK.PMA00300Cls - Get Data Detail Unit
2025-04-30 10:54:03,302 INFO  PMA00300BACK.PMA00300Cls - START process method GeDataDetailUnitList on Cls
2025-04-30 10:54:03,302 INFO  PMA00300BACK.PMA00300Cls - Execute query on method GeDataDetailUnitList
2025-04-30 10:54:03,376 INFO  PMA00300BACK.PMA00300Cls - END process method GeDataDetailUnitList on Cls
2025-04-30 10:54:03,376 INFO  PMA00300BACK.PMA00300Cls - Assign parameter for detail utility
2025-04-30 10:54:03,376 INFO  PMA00300BACK.PMA00300Cls - Get Data Detail Utility
2025-04-30 10:54:03,376 INFO  PMA00300BACK.PMA00300Cls - START process method GeDataDetailUnitList on Cls
2025-04-30 10:54:03,377 INFO  PMA00300BACK.PMA00300Cls - Execute query on method GeDataDetailUnitList
2025-04-30 10:54:03,448 INFO  PMA00300BACK.PMA00300Cls - END process method GeDataDetailUnitList on Cls
2025-04-30 10:54:03,448 INFO  PMA00300BACK.PMA00300Cls - Set Label Report
2025-04-30 10:54:03,456 INFO  PMA00300BACK.PMA00300Cls - Get Data Logo
2025-04-30 10:54:03,457 INFO  PMA00300BACK.PMA00300Cls - START process method GetLogoCompany on Cls
2025-04-30 10:54:03,457 INFO  PMA00300BACK.PMA00300Cls - Execute query on method GetLogoCompany
2025-04-30 10:54:03,463 INFO  PMA00300BACK.PMA00300Cls - END process method GetLogoCompany on Cls
2025-04-30 10:54:03,463 INFO  PMA00300BACK.PMA00300Cls - Get Connection Attribute
2025-04-30 10:54:03,464 INFO  PMA00300BACK.PMA00300Cls - END process method ProcessReport on Cls
2025-04-30 10:54:03,464 INFO  Program - Application executed successfully.
2025-04-30 11:54:02,848 INFO  Program - Application starting...
2025-04-30 11:54:02,870 INFO  Program - Configuring application settings...
2025-04-30 11:54:02,892 INFO  Program - Application configuration loaded successfully.
2025-04-30 11:54:02,900 INFO  Program - Adding services...
2025-04-30 11:54:02,912 INFO  Program - Services added successfully.
2025-04-30 11:54:02,964 INFO  Program - Get data config parameter
2025-04-30 11:54:02,967 INFO  PMA00300BACK.PMA00300Cls - START process method GetClientReportFormat on Cls
2025-04-30 11:54:02,994 INFO  PMA00300BACK.PMA00300Cls - Execute query on method GetClientReportFormat
2025-04-30 11:54:03,082 INFO  PMA00300BACK.PMA00300Cls - END process method GetClientReportFormat on Cls
2025-04-30 11:54:03,090 INFO  PMA00300BACK.PMA00300Cls - START process method ProcessReport on Cls
2025-04-30 11:54:03,090 INFO  PMA00300BACK.PMA00300Cls - assign loReportRule
2025-04-30 11:54:03,090 INFO  PMA00300BACK.PMA00300Cls - Get file Frx
2025-04-30 11:54:03,090 INFO  PMA00300BACK.PMA00300Cls - Create object Report Parameter
2025-04-30 11:54:03,090 INFO  PMA00300BACK.PMA00300Cls - Get Data Billing
2025-04-30 11:54:03,092 INFO  PMA00300BACK.PMA00300Cls - START process method GetDataBilling on Cls
2025-04-30 11:54:03,094 INFO  PMA00300BACK.PMA00300Cls - Execute query on method GetDataBilling
2025-04-30 11:54:03,367 INFO  PMA00300BACK.PMA00300Cls - Convert string to datetime format on method
2025-04-30 11:54:03,367 INFO  PMA00300BACK.PMA00300Cls - END process method GetDataBilling on Cls
2025-04-30 11:54:03,367 INFO  PMA00300BACK.PMA00300Cls - Assign parameter for detail unit
2025-04-30 11:54:03,367 INFO  PMA00300BACK.PMA00300Cls - Get Data Detail Unit
2025-04-30 11:54:03,368 INFO  PMA00300BACK.PMA00300Cls - START process method GeDataDetailUnitList on Cls
2025-04-30 11:54:03,369 INFO  PMA00300BACK.PMA00300Cls - Execute query on method GeDataDetailUnitList
2025-04-30 11:54:03,438 INFO  PMA00300BACK.PMA00300Cls - END process method GeDataDetailUnitList on Cls
2025-04-30 11:54:03,438 INFO  PMA00300BACK.PMA00300Cls - Assign parameter for detail utility
2025-04-30 11:54:03,438 INFO  PMA00300BACK.PMA00300Cls - Get Data Detail Utility
2025-04-30 11:54:03,439 INFO  PMA00300BACK.PMA00300Cls - START process method GeDataDetailUnitList on Cls
2025-04-30 11:54:03,439 INFO  PMA00300BACK.PMA00300Cls - Execute query on method GeDataDetailUnitList
2025-04-30 11:54:03,508 INFO  PMA00300BACK.PMA00300Cls - END process method GeDataDetailUnitList on Cls
2025-04-30 11:54:03,509 INFO  PMA00300BACK.PMA00300Cls - Set Label Report
2025-04-30 11:54:03,513 INFO  PMA00300BACK.PMA00300Cls - Get Data Logo
2025-04-30 11:54:03,514 INFO  PMA00300BACK.PMA00300Cls - START process method GetLogoCompany on Cls
2025-04-30 11:54:03,514 INFO  PMA00300BACK.PMA00300Cls - Execute query on method GetLogoCompany
2025-04-30 11:54:03,518 INFO  PMA00300BACK.PMA00300Cls - END process method GetLogoCompany on Cls
2025-04-30 11:54:03,518 INFO  PMA00300BACK.PMA00300Cls - Get Connection Attribute
2025-04-30 11:54:03,518 INFO  PMA00300BACK.PMA00300Cls - END process method ProcessReport on Cls
2025-04-30 11:54:03,518 INFO  Program - Application executed successfully.
2025-04-30 12:54:03,964 INFO  Program - Application starting...
2025-04-30 12:54:04,584 INFO  Program - Configuring application settings...
2025-04-30 12:54:04,656 INFO  Program - Application configuration loaded successfully.
2025-04-30 12:54:05,052 INFO  Program - Adding services...
2025-04-30 12:54:05,238 INFO  Program - Services added successfully.
2025-04-30 12:54:05,433 INFO  Program - Get data config parameter
2025-04-30 12:54:05,546 INFO  PMA00300BACK.PMA00300Cls - START process method GetClientReportFormat on Cls
2025-04-30 12:54:05,734 INFO  PMA00300BACK.PMA00300Cls - Execute query on method GetClientReportFormat
2025-04-30 12:54:05,848 INFO  PMA00300BACK.PMA00300Cls - END process method GetClientReportFormat on Cls
2025-04-30 12:54:05,929 INFO  PMA00300BACK.PMA00300Cls - START process method ProcessReport on Cls
2025-04-30 12:54:05,929 INFO  PMA00300BACK.PMA00300Cls - assign loReportRule
2025-04-30 12:54:05,929 INFO  PMA00300BACK.PMA00300Cls - Get file Frx
2025-04-30 12:54:05,929 INFO  PMA00300BACK.PMA00300Cls - Create object Report Parameter
2025-04-30 12:54:05,929 INFO  PMA00300BACK.PMA00300Cls - Get Data Billing
2025-04-30 12:54:05,931 INFO  PMA00300BACK.PMA00300Cls - START process method GetDataBilling on Cls
2025-04-30 12:54:05,933 INFO  PMA00300BACK.PMA00300Cls - Execute query on method GetDataBilling
2025-04-30 12:54:06,204 INFO  PMA00300BACK.PMA00300Cls - Convert string to datetime format on method
2025-04-30 12:54:06,204 INFO  PMA00300BACK.PMA00300Cls - END process method GetDataBilling on Cls
2025-04-30 12:54:06,204 INFO  PMA00300BACK.PMA00300Cls - Assign parameter for detail unit
2025-04-30 12:54:06,204 INFO  PMA00300BACK.PMA00300Cls - Get Data Detail Unit
2025-04-30 12:54:06,205 INFO  PMA00300BACK.PMA00300Cls - START process method GeDataDetailUnitList on Cls
2025-04-30 12:54:06,205 INFO  PMA00300BACK.PMA00300Cls - Execute query on method GeDataDetailUnitList
2025-04-30 12:54:06,274 INFO  PMA00300BACK.PMA00300Cls - END process method GeDataDetailUnitList on Cls
2025-04-30 12:54:06,274 INFO  PMA00300BACK.PMA00300Cls - Assign parameter for detail utility
2025-04-30 12:54:06,274 INFO  PMA00300BACK.PMA00300Cls - Get Data Detail Utility
2025-04-30 12:54:06,275 INFO  PMA00300BACK.PMA00300Cls - START process method GeDataDetailUnitList on Cls
2025-04-30 12:54:06,275 INFO  PMA00300BACK.PMA00300Cls - Execute query on method GeDataDetailUnitList
2025-04-30 12:54:06,347 INFO  PMA00300BACK.PMA00300Cls - END process method GeDataDetailUnitList on Cls
2025-04-30 12:54:06,347 INFO  PMA00300BACK.PMA00300Cls - Set Label Report
2025-04-30 12:54:06,353 INFO  PMA00300BACK.PMA00300Cls - Get Data Logo
2025-04-30 12:54:06,354 INFO  PMA00300BACK.PMA00300Cls - START process method GetLogoCompany on Cls
2025-04-30 12:54:06,354 INFO  PMA00300BACK.PMA00300Cls - Execute query on method GetLogoCompany
2025-04-30 12:54:06,358 INFO  PMA00300BACK.PMA00300Cls - END process method GetLogoCompany on Cls
2025-04-30 12:54:06,358 INFO  PMA00300BACK.PMA00300Cls - Get Connection Attribute
2025-04-30 12:54:06,358 INFO  PMA00300BACK.PMA00300Cls - END process method ProcessReport on Cls
2025-04-30 12:54:06,358 INFO  Program - Application executed successfully.
2025-04-30 13:54:49,883 INFO  Program - Application starting...
2025-04-30 13:54:52,439 INFO  Program - Configuring application settings...
2025-04-30 13:54:53,221 INFO  Program - Application configuration loaded successfully.
2025-04-30 13:54:53,285 INFO  Program - Adding services...
2025-04-30 13:54:57,492 INFO  Program - Services added successfully.
2025-04-30 13:55:07,944 INFO  Program - Get data config parameter
2025-04-30 13:55:08,395 INFO  PMA00300BACK.PMA00300Cls - START process method GetClientReportFormat on Cls
2025-04-30 13:55:10,962 INFO  PMA00300BACK.PMA00300Cls - Execute query on method GetClientReportFormat
2025-04-30 13:55:11,160 INFO  PMA00300BACK.PMA00300Cls - END process method GetClientReportFormat on Cls
2025-04-30 13:55:11,202 INFO  PMA00300BACK.PMA00300Cls - START process method ProcessReport on Cls
2025-04-30 13:55:11,202 INFO  PMA00300BACK.PMA00300Cls - assign loReportRule
2025-04-30 13:55:11,202 INFO  PMA00300BACK.PMA00300Cls - Get file Frx
2025-04-30 13:55:11,202 INFO  PMA00300BACK.PMA00300Cls - Create object Report Parameter
2025-04-30 13:55:11,203 INFO  PMA00300BACK.PMA00300Cls - Get Data Billing
2025-04-30 13:55:11,206 INFO  PMA00300BACK.PMA00300Cls - START process method GetDataBilling on Cls
2025-04-30 13:55:11,210 INFO  PMA00300BACK.PMA00300Cls - Execute query on method GetDataBilling
2025-04-30 13:55:11,498 INFO  PMA00300BACK.PMA00300Cls - Convert string to datetime format on method
2025-04-30 13:55:11,498 INFO  PMA00300BACK.PMA00300Cls - END process method GetDataBilling on Cls
2025-04-30 13:55:11,499 INFO  PMA00300BACK.PMA00300Cls - Assign parameter for detail unit
2025-04-30 13:55:11,499 INFO  PMA00300BACK.PMA00300Cls - Get Data Detail Unit
2025-04-30 13:55:11,499 INFO  PMA00300BACK.PMA00300Cls - START process method GeDataDetailUnitList on Cls
2025-04-30 13:55:11,500 INFO  PMA00300BACK.PMA00300Cls - Execute query on method GeDataDetailUnitList
2025-04-30 13:55:11,600 INFO  PMA00300BACK.PMA00300Cls - END process method GeDataDetailUnitList on Cls
2025-04-30 13:55:11,600 INFO  PMA00300BACK.PMA00300Cls - Assign parameter for detail utility
2025-04-30 13:55:11,600 INFO  PMA00300BACK.PMA00300Cls - Get Data Detail Utility
2025-04-30 13:55:11,601 INFO  PMA00300BACK.PMA00300Cls - START process method GeDataDetailUnitList on Cls
2025-04-30 13:55:11,601 INFO  PMA00300BACK.PMA00300Cls - Execute query on method GeDataDetailUnitList
2025-04-30 13:55:11,670 INFO  PMA00300BACK.PMA00300Cls - END process method GeDataDetailUnitList on Cls
2025-04-30 13:55:11,670 INFO  PMA00300BACK.PMA00300Cls - Set Label Report
2025-04-30 13:55:11,679 INFO  PMA00300BACK.PMA00300Cls - Get Data Logo
2025-04-30 13:55:11,679 INFO  PMA00300BACK.PMA00300Cls - START process method GetLogoCompany on Cls
2025-04-30 13:55:11,680 INFO  PMA00300BACK.PMA00300Cls - Execute query on method GetLogoCompany
2025-04-30 13:55:11,686 INFO  PMA00300BACK.PMA00300Cls - END process method GetLogoCompany on Cls
2025-04-30 13:55:11,686 INFO  PMA00300BACK.PMA00300Cls - Get Connection Attribute
2025-04-30 13:55:11,686 INFO  PMA00300BACK.PMA00300Cls - END process method ProcessReport on Cls
2025-04-30 13:55:11,686 INFO  Program - Application executed successfully.
2025-04-30 14:54:04,148 INFO  Program - Application starting...
2025-04-30 14:54:04,807 INFO  Program - Configuring application settings...
2025-04-30 14:54:04,908 INFO  Program - Application configuration loaded successfully.
2025-04-30 14:54:05,319 INFO  Program - Adding services...
2025-04-30 14:54:05,454 INFO  Program - Services added successfully.
2025-04-30 14:54:05,602 INFO  Program - Get data config parameter
2025-04-30 14:54:05,607 INFO  PMA00300BACK.PMA00300Cls - START process method GetClientReportFormat on Cls
2025-04-30 14:54:05,663 INFO  PMA00300BACK.PMA00300Cls - Execute query on method GetClientReportFormat
2025-04-30 14:54:05,817 INFO  PMA00300BACK.PMA00300Cls - END process method GetClientReportFormat on Cls
2025-04-30 14:54:05,874 INFO  PMA00300BACK.PMA00300Cls - START process method ProcessReport on Cls
2025-04-30 14:54:05,874 INFO  PMA00300BACK.PMA00300Cls - assign loReportRule
2025-04-30 14:54:05,874 INFO  PMA00300BACK.PMA00300Cls - Get file Frx
2025-04-30 14:54:05,874 INFO  PMA00300BACK.PMA00300Cls - Create object Report Parameter
2025-04-30 14:54:05,874 INFO  PMA00300BACK.PMA00300Cls - Get Data Billing
2025-04-30 14:54:05,877 INFO  PMA00300BACK.PMA00300Cls - START process method GetDataBilling on Cls
2025-04-30 14:54:05,879 INFO  PMA00300BACK.PMA00300Cls - Execute query on method GetDataBilling
2025-04-30 14:54:06,146 INFO  PMA00300BACK.PMA00300Cls - Convert string to datetime format on method
2025-04-30 14:54:06,146 INFO  PMA00300BACK.PMA00300Cls - END process method GetDataBilling on Cls
2025-04-30 14:54:06,146 INFO  PMA00300BACK.PMA00300Cls - Assign parameter for detail unit
2025-04-30 14:54:06,146 INFO  PMA00300BACK.PMA00300Cls - Get Data Detail Unit
2025-04-30 14:54:06,147 INFO  PMA00300BACK.PMA00300Cls - START process method GeDataDetailUnitList on Cls
2025-04-30 14:54:06,147 INFO  PMA00300BACK.PMA00300Cls - Execute query on method GeDataDetailUnitList
2025-04-30 14:54:06,224 INFO  PMA00300BACK.PMA00300Cls - END process method GeDataDetailUnitList on Cls
2025-04-30 14:54:06,224 INFO  PMA00300BACK.PMA00300Cls - Assign parameter for detail utility
2025-04-30 14:54:06,224 INFO  PMA00300BACK.PMA00300Cls - Get Data Detail Utility
2025-04-30 14:54:06,225 INFO  PMA00300BACK.PMA00300Cls - START process method GeDataDetailUnitList on Cls
2025-04-30 14:54:06,225 INFO  PMA00300BACK.PMA00300Cls - Execute query on method GeDataDetailUnitList
2025-04-30 14:54:06,295 INFO  PMA00300BACK.PMA00300Cls - END process method GeDataDetailUnitList on Cls
2025-04-30 14:54:06,295 INFO  PMA00300BACK.PMA00300Cls - Set Label Report
2025-04-30 14:54:06,306 INFO  PMA00300BACK.PMA00300Cls - Get Data Logo
2025-04-30 14:54:06,306 INFO  PMA00300BACK.PMA00300Cls - START process method GetLogoCompany on Cls
2025-04-30 14:54:06,307 INFO  PMA00300BACK.PMA00300Cls - Execute query on method GetLogoCompany
2025-04-30 14:54:06,311 INFO  PMA00300BACK.PMA00300Cls - END process method GetLogoCompany on Cls
2025-04-30 14:54:06,312 INFO  PMA00300BACK.PMA00300Cls - Get Connection Attribute
2025-04-30 14:54:06,312 INFO  PMA00300BACK.PMA00300Cls - END process method ProcessReport on Cls
2025-04-30 14:54:06,312 INFO  Program - Application executed successfully.
2025-04-30 15:54:02,867 INFO  Program - Application starting...
2025-04-30 15:54:02,887 INFO  Program - Configuring application settings...
2025-04-30 15:54:02,909 INFO  Program - Application configuration loaded successfully.
2025-04-30 15:54:02,916 INFO  Program - Adding services...
2025-04-30 15:54:02,928 INFO  Program - Services added successfully.
2025-04-30 15:54:02,978 INFO  Program - Get data config parameter
2025-04-30 15:54:02,980 INFO  PMA00300BACK.PMA00300Cls - START process method GetClientReportFormat on Cls
2025-04-30 15:54:03,002 INFO  PMA00300BACK.PMA00300Cls - Execute query on method GetClientReportFormat
2025-04-30 15:54:03,091 INFO  PMA00300BACK.PMA00300Cls - END process method GetClientReportFormat on Cls
2025-04-30 15:54:03,099 INFO  PMA00300BACK.PMA00300Cls - START process method ProcessReport on Cls
2025-04-30 15:54:03,099 INFO  PMA00300BACK.PMA00300Cls - assign loReportRule
2025-04-30 15:54:03,099 INFO  PMA00300BACK.PMA00300Cls - Get file Frx
2025-04-30 15:54:03,099 INFO  PMA00300BACK.PMA00300Cls - Create object Report Parameter
2025-04-30 15:54:03,099 INFO  PMA00300BACK.PMA00300Cls - Get Data Billing
2025-04-30 15:54:03,101 INFO  PMA00300BACK.PMA00300Cls - START process method GetDataBilling on Cls
2025-04-30 15:54:03,103 INFO  PMA00300BACK.PMA00300Cls - Execute query on method GetDataBilling
2025-04-30 15:54:03,389 INFO  PMA00300BACK.PMA00300Cls - Convert string to datetime format on method
2025-04-30 15:54:03,389 INFO  PMA00300BACK.PMA00300Cls - END process method GetDataBilling on Cls
2025-04-30 15:54:03,389 INFO  PMA00300BACK.PMA00300Cls - Assign parameter for detail unit
2025-04-30 15:54:03,389 INFO  PMA00300BACK.PMA00300Cls - Get Data Detail Unit
2025-04-30 15:54:03,390 INFO  PMA00300BACK.PMA00300Cls - START process method GeDataDetailUnitList on Cls
2025-04-30 15:54:03,390 INFO  PMA00300BACK.PMA00300Cls - Execute query on method GeDataDetailUnitList
2025-04-30 15:54:03,461 INFO  PMA00300BACK.PMA00300Cls - END process method GeDataDetailUnitList on Cls
2025-04-30 15:54:03,461 INFO  PMA00300BACK.PMA00300Cls - Assign parameter for detail utility
2025-04-30 15:54:03,462 INFO  PMA00300BACK.PMA00300Cls - Get Data Detail Utility
2025-04-30 15:54:03,462 INFO  PMA00300BACK.PMA00300Cls - START process method GeDataDetailUnitList on Cls
2025-04-30 15:54:03,462 INFO  PMA00300BACK.PMA00300Cls - Execute query on method GeDataDetailUnitList
2025-04-30 15:54:03,534 INFO  PMA00300BACK.PMA00300Cls - END process method GeDataDetailUnitList on Cls
2025-04-30 15:54:03,535 INFO  PMA00300BACK.PMA00300Cls - Set Label Report
2025-04-30 15:54:03,541 INFO  PMA00300BACK.PMA00300Cls - Get Data Logo
2025-04-30 15:54:03,541 INFO  PMA00300BACK.PMA00300Cls - START process method GetLogoCompany on Cls
2025-04-30 15:54:03,542 INFO  PMA00300BACK.PMA00300Cls - Execute query on method GetLogoCompany
2025-04-30 15:54:03,546 INFO  PMA00300BACK.PMA00300Cls - END process method GetLogoCompany on Cls
2025-04-30 15:54:03,546 INFO  PMA00300BACK.PMA00300Cls - Get Connection Attribute
2025-04-30 15:54:03,546 INFO  PMA00300BACK.PMA00300Cls - END process method ProcessReport on Cls
2025-04-30 15:54:03,546 INFO  Program - Application executed successfully.
2025-04-30 16:54:03,213 INFO  Program - Application starting...
2025-04-30 16:54:03,257 INFO  Program - Configuring application settings...
2025-04-30 16:54:03,298 INFO  Program - Application configuration loaded successfully.
2025-04-30 16:54:03,311 INFO  Program - Adding services...
2025-04-30 16:54:03,355 INFO  Program - Services added successfully.
2025-04-30 16:54:03,434 INFO  Program - Get data config parameter
2025-04-30 16:54:03,438 INFO  PMA00300BACK.PMA00300Cls - START process method GetClientReportFormat on Cls
2025-04-30 16:54:03,495 INFO  PMA00300BACK.PMA00300Cls - Execute query on method GetClientReportFormat
2025-04-30 16:54:03,618 INFO  PMA00300BACK.PMA00300Cls - END process method GetClientReportFormat on Cls
2025-04-30 16:54:03,636 INFO  PMA00300BACK.PMA00300Cls - START process method ProcessReport on Cls
2025-04-30 16:54:03,637 INFO  PMA00300BACK.PMA00300Cls - assign loReportRule
2025-04-30 16:54:03,637 INFO  PMA00300BACK.PMA00300Cls - Get file Frx
2025-04-30 16:54:03,637 INFO  PMA00300BACK.PMA00300Cls - Create object Report Parameter
2025-04-30 16:54:03,637 INFO  PMA00300BACK.PMA00300Cls - Get Data Billing
2025-04-30 16:54:03,640 INFO  PMA00300BACK.PMA00300Cls - START process method GetDataBilling on Cls
2025-04-30 16:54:03,642 INFO  PMA00300BACK.PMA00300Cls - Execute query on method GetDataBilling
2025-04-30 16:54:03,910 INFO  PMA00300BACK.PMA00300Cls - Convert string to datetime format on method
2025-04-30 16:54:03,911 INFO  PMA00300BACK.PMA00300Cls - END process method GetDataBilling on Cls
2025-04-30 16:54:03,911 INFO  PMA00300BACK.PMA00300Cls - Assign parameter for detail unit
2025-04-30 16:54:03,911 INFO  PMA00300BACK.PMA00300Cls - Get Data Detail Unit
2025-04-30 16:54:03,911 INFO  PMA00300BACK.PMA00300Cls - START process method GeDataDetailUnitList on Cls
2025-04-30 16:54:03,912 INFO  PMA00300BACK.PMA00300Cls - Execute query on method GeDataDetailUnitList
2025-04-30 16:54:03,990 INFO  PMA00300BACK.PMA00300Cls - END process method GeDataDetailUnitList on Cls
2025-04-30 16:54:03,990 INFO  PMA00300BACK.PMA00300Cls - Assign parameter for detail utility
2025-04-30 16:54:03,990 INFO  PMA00300BACK.PMA00300Cls - Get Data Detail Utility
2025-04-30 16:54:03,990 INFO  PMA00300BACK.PMA00300Cls - START process method GeDataDetailUnitList on Cls
2025-04-30 16:54:03,991 INFO  PMA00300BACK.PMA00300Cls - Execute query on method GeDataDetailUnitList
2025-04-30 16:54:04,061 INFO  PMA00300BACK.PMA00300Cls - END process method GeDataDetailUnitList on Cls
2025-04-30 16:54:04,061 INFO  PMA00300BACK.PMA00300Cls - Set Label Report
2025-04-30 16:54:04,065 INFO  PMA00300BACK.PMA00300Cls - Get Data Logo
2025-04-30 16:54:04,066 INFO  PMA00300BACK.PMA00300Cls - START process method GetLogoCompany on Cls
2025-04-30 16:54:04,066 INFO  PMA00300BACK.PMA00300Cls - Execute query on method GetLogoCompany
2025-04-30 16:54:04,070 INFO  PMA00300BACK.PMA00300Cls - END process method GetLogoCompany on Cls
2025-04-30 16:54:04,071 INFO  PMA00300BACK.PMA00300Cls - Get Connection Attribute
2025-04-30 16:54:04,071 INFO  PMA00300BACK.PMA00300Cls - END process method ProcessReport on Cls
2025-04-30 16:54:04,071 INFO  Program - Application executed successfully.
2025-04-30 17:54:03,107 INFO  Program - Application starting...
2025-04-30 17:54:03,165 INFO  Program - Configuring application settings...
2025-04-30 17:54:03,206 INFO  Program - Application configuration loaded successfully.
2025-04-30 17:54:03,220 INFO  Program - Adding services...
2025-04-30 17:54:03,249 INFO  Program - Services added successfully.
2025-04-30 17:54:03,325 INFO  Program - Get data config parameter
2025-04-30 17:54:03,329 INFO  PMA00300BACK.PMA00300Cls - START process method GetClientReportFormat on Cls
2025-04-30 17:54:03,386 INFO  PMA00300BACK.PMA00300Cls - Execute query on method GetClientReportFormat
2025-04-30 17:54:03,514 INFO  PMA00300BACK.PMA00300Cls - END process method GetClientReportFormat on Cls
2025-04-30 17:54:03,534 INFO  PMA00300BACK.PMA00300Cls - START process method ProcessReport on Cls
2025-04-30 17:54:03,534 INFO  PMA00300BACK.PMA00300Cls - assign loReportRule
2025-04-30 17:54:03,534 INFO  PMA00300BACK.PMA00300Cls - Get file Frx
2025-04-30 17:54:03,534 INFO  PMA00300BACK.PMA00300Cls - Create object Report Parameter
2025-04-30 17:54:03,534 INFO  PMA00300BACK.PMA00300Cls - Get Data Billing
2025-04-30 17:54:03,537 INFO  PMA00300BACK.PMA00300Cls - START process method GetDataBilling on Cls
2025-04-30 17:54:03,539 INFO  PMA00300BACK.PMA00300Cls - Execute query on method GetDataBilling
2025-04-30 17:54:03,810 INFO  PMA00300BACK.PMA00300Cls - Convert string to datetime format on method
2025-04-30 17:54:03,810 INFO  PMA00300BACK.PMA00300Cls - END process method GetDataBilling on Cls
2025-04-30 17:54:03,810 INFO  PMA00300BACK.PMA00300Cls - Assign parameter for detail unit
2025-04-30 17:54:03,810 INFO  PMA00300BACK.PMA00300Cls - Get Data Detail Unit
2025-04-30 17:54:03,811 INFO  PMA00300BACK.PMA00300Cls - START process method GeDataDetailUnitList on Cls
2025-04-30 17:54:03,811 INFO  PMA00300BACK.PMA00300Cls - Execute query on method GeDataDetailUnitList
2025-04-30 17:54:03,887 INFO  PMA00300BACK.PMA00300Cls - END process method GeDataDetailUnitList on Cls
2025-04-30 17:54:03,887 INFO  PMA00300BACK.PMA00300Cls - Assign parameter for detail utility
2025-04-30 17:54:03,888 INFO  PMA00300BACK.PMA00300Cls - Get Data Detail Utility
2025-04-30 17:54:03,888 INFO  PMA00300BACK.PMA00300Cls - START process method GeDataDetailUnitList on Cls
2025-04-30 17:54:03,889 INFO  PMA00300BACK.PMA00300Cls - Execute query on method GeDataDetailUnitList
2025-04-30 17:54:03,963 INFO  PMA00300BACK.PMA00300Cls - END process method GeDataDetailUnitList on Cls
2025-04-30 17:54:03,963 INFO  PMA00300BACK.PMA00300Cls - Set Label Report
2025-04-30 17:54:03,971 INFO  PMA00300BACK.PMA00300Cls - Get Data Logo
2025-04-30 17:54:03,972 INFO  PMA00300BACK.PMA00300Cls - START process method GetLogoCompany on Cls
2025-04-30 17:54:03,972 INFO  PMA00300BACK.PMA00300Cls - Execute query on method GetLogoCompany
2025-04-30 17:54:03,976 INFO  PMA00300BACK.PMA00300Cls - END process method GetLogoCompany on Cls
2025-04-30 17:54:03,977 INFO  PMA00300BACK.PMA00300Cls - Get Connection Attribute
2025-04-30 17:54:03,977 INFO  PMA00300BACK.PMA00300Cls - END process method ProcessReport on Cls
2025-04-30 17:54:03,977 INFO  Program - Application executed successfully.
2025-04-30 18:54:02,850 INFO  Program - Application starting...
2025-04-30 18:54:02,872 INFO  Program - Configuring application settings...
2025-04-30 18:54:02,894 INFO  Program - Application configuration loaded successfully.
2025-04-30 18:54:02,902 INFO  Program - Adding services...
2025-04-30 18:54:02,914 INFO  Program - Services added successfully.
2025-04-30 18:54:02,966 INFO  Program - Get data config parameter
2025-04-30 18:54:02,968 INFO  PMA00300BACK.PMA00300Cls - START process method GetClientReportFormat on Cls
2025-04-30 18:54:02,990 INFO  PMA00300BACK.PMA00300Cls - Execute query on method GetClientReportFormat
2025-04-30 18:54:03,077 INFO  PMA00300BACK.PMA00300Cls - END process method GetClientReportFormat on Cls
2025-04-30 18:54:03,084 INFO  PMA00300BACK.PMA00300Cls - START process method ProcessReport on Cls
2025-04-30 18:54:03,085 INFO  PMA00300BACK.PMA00300Cls - assign loReportRule
2025-04-30 18:54:03,085 INFO  PMA00300BACK.PMA00300Cls - Get file Frx
2025-04-30 18:54:03,085 INFO  PMA00300BACK.PMA00300Cls - Create object Report Parameter
2025-04-30 18:54:03,085 INFO  PMA00300BACK.PMA00300Cls - Get Data Billing
2025-04-30 18:54:03,087 INFO  PMA00300BACK.PMA00300Cls - START process method GetDataBilling on Cls
2025-04-30 18:54:03,089 INFO  PMA00300BACK.PMA00300Cls - Execute query on method GetDataBilling
2025-04-30 18:54:03,358 INFO  PMA00300BACK.PMA00300Cls - Convert string to datetime format on method
2025-04-30 18:54:03,358 INFO  PMA00300BACK.PMA00300Cls - END process method GetDataBilling on Cls
2025-04-30 18:54:03,358 INFO  PMA00300BACK.PMA00300Cls - Assign parameter for detail unit
2025-04-30 18:54:03,358 INFO  PMA00300BACK.PMA00300Cls - Get Data Detail Unit
2025-04-30 18:54:03,358 INFO  PMA00300BACK.PMA00300Cls - START process method GeDataDetailUnitList on Cls
2025-04-30 18:54:03,359 INFO  PMA00300BACK.PMA00300Cls - Execute query on method GeDataDetailUnitList
2025-04-30 18:54:03,430 INFO  PMA00300BACK.PMA00300Cls - END process method GeDataDetailUnitList on Cls
2025-04-30 18:54:03,430 INFO  PMA00300BACK.PMA00300Cls - Assign parameter for detail utility
2025-04-30 18:54:03,430 INFO  PMA00300BACK.PMA00300Cls - Get Data Detail Utility
2025-04-30 18:54:03,430 INFO  PMA00300BACK.PMA00300Cls - START process method GeDataDetailUnitList on Cls
2025-04-30 18:54:03,431 INFO  PMA00300BACK.PMA00300Cls - Execute query on method GeDataDetailUnitList
2025-04-30 18:54:03,508 INFO  PMA00300BACK.PMA00300Cls - END process method GeDataDetailUnitList on Cls
2025-04-30 18:54:03,508 INFO  PMA00300BACK.PMA00300Cls - Set Label Report
2025-04-30 18:54:03,513 INFO  PMA00300BACK.PMA00300Cls - Get Data Logo
2025-04-30 18:54:03,513 INFO  PMA00300BACK.PMA00300Cls - START process method GetLogoCompany on Cls
2025-04-30 18:54:03,514 INFO  PMA00300BACK.PMA00300Cls - Execute query on method GetLogoCompany
2025-04-30 18:54:03,518 INFO  PMA00300BACK.PMA00300Cls - END process method GetLogoCompany on Cls
2025-04-30 18:54:03,518 INFO  PMA00300BACK.PMA00300Cls - Get Connection Attribute
2025-04-30 18:54:03,518 INFO  PMA00300BACK.PMA00300Cls - END process method ProcessReport on Cls
2025-04-30 18:54:03,518 INFO  Program - Application executed successfully.
2025-04-30 19:54:02,814 INFO  Program - Application starting...
2025-04-30 19:54:02,835 INFO  Program - Configuring application settings...
2025-04-30 19:54:02,855 INFO  Program - Application configuration loaded successfully.
2025-04-30 19:54:02,863 INFO  Program - Adding services...
2025-04-30 19:54:02,875 INFO  Program - Services added successfully.
2025-04-30 19:54:02,926 INFO  Program - Get data config parameter
2025-04-30 19:54:02,927 INFO  PMA00300BACK.PMA00300Cls - START process method GetClientReportFormat on Cls
2025-04-30 19:54:02,952 INFO  PMA00300BACK.PMA00300Cls - Execute query on method GetClientReportFormat
2025-04-30 19:54:03,046 INFO  PMA00300BACK.PMA00300Cls - END process method GetClientReportFormat on Cls
2025-04-30 19:54:03,053 INFO  PMA00300BACK.PMA00300Cls - START process method ProcessReport on Cls
2025-04-30 19:54:03,054 INFO  PMA00300BACK.PMA00300Cls - assign loReportRule
2025-04-30 19:54:03,054 INFO  PMA00300BACK.PMA00300Cls - Get file Frx
2025-04-30 19:54:03,054 INFO  PMA00300BACK.PMA00300Cls - Create object Report Parameter
2025-04-30 19:54:03,054 INFO  PMA00300BACK.PMA00300Cls - Get Data Billing
2025-04-30 19:54:03,056 INFO  PMA00300BACK.PMA00300Cls - START process method GetDataBilling on Cls
2025-04-30 19:54:03,058 INFO  PMA00300BACK.PMA00300Cls - Execute query on method GetDataBilling
2025-04-30 19:54:03,328 INFO  PMA00300BACK.PMA00300Cls - Convert string to datetime format on method
2025-04-30 19:54:03,328 INFO  PMA00300BACK.PMA00300Cls - END process method GetDataBilling on Cls
2025-04-30 19:54:03,328 INFO  PMA00300BACK.PMA00300Cls - Assign parameter for detail unit
2025-04-30 19:54:03,328 INFO  PMA00300BACK.PMA00300Cls - Get Data Detail Unit
2025-04-30 19:54:03,329 INFO  PMA00300BACK.PMA00300Cls - START process method GeDataDetailUnitList on Cls
2025-04-30 19:54:03,329 INFO  PMA00300BACK.PMA00300Cls - Execute query on method GeDataDetailUnitList
2025-04-30 19:54:03,399 INFO  PMA00300BACK.PMA00300Cls - END process method GeDataDetailUnitList on Cls
2025-04-30 19:54:03,399 INFO  PMA00300BACK.PMA00300Cls - Assign parameter for detail utility
2025-04-30 19:54:03,399 INFO  PMA00300BACK.PMA00300Cls - Get Data Detail Utility
2025-04-30 19:54:03,399 INFO  PMA00300BACK.PMA00300Cls - START process method GeDataDetailUnitList on Cls
2025-04-30 19:54:03,400 INFO  PMA00300BACK.PMA00300Cls - Execute query on method GeDataDetailUnitList
2025-04-30 19:54:03,473 INFO  PMA00300BACK.PMA00300Cls - END process method GeDataDetailUnitList on Cls
2025-04-30 19:54:03,473 INFO  PMA00300BACK.PMA00300Cls - Set Label Report
2025-04-30 19:54:03,479 INFO  PMA00300BACK.PMA00300Cls - Get Data Logo
2025-04-30 19:54:03,480 INFO  PMA00300BACK.PMA00300Cls - START process method GetLogoCompany on Cls
2025-04-30 19:54:03,480 INFO  PMA00300BACK.PMA00300Cls - Execute query on method GetLogoCompany
2025-04-30 19:54:03,485 INFO  PMA00300BACK.PMA00300Cls - END process method GetLogoCompany on Cls
2025-04-30 19:54:03,485 INFO  PMA00300BACK.PMA00300Cls - Get Connection Attribute
2025-04-30 19:54:03,485 INFO  PMA00300BACK.PMA00300Cls - END process method ProcessReport on Cls
2025-04-30 19:54:03,485 INFO  Program - Application executed successfully.
2025-04-30 20:54:02,846 INFO  Program - Application starting...
2025-04-30 20:54:02,866 INFO  Program - Configuring application settings...
2025-04-30 20:54:02,886 INFO  Program - Application configuration loaded successfully.
2025-04-30 20:54:02,895 INFO  Program - Adding services...
2025-04-30 20:54:02,908 INFO  Program - Services added successfully.
2025-04-30 20:54:02,962 INFO  Program - Get data config parameter
2025-04-30 20:54:02,964 INFO  PMA00300BACK.PMA00300Cls - START process method GetClientReportFormat on Cls
2025-04-30 20:54:02,987 INFO  PMA00300BACK.PMA00300Cls - Execute query on method GetClientReportFormat
2025-04-30 20:54:03,081 INFO  PMA00300BACK.PMA00300Cls - END process method GetClientReportFormat on Cls
2025-04-30 20:54:03,089 INFO  PMA00300BACK.PMA00300Cls - START process method ProcessReport on Cls
2025-04-30 20:54:03,089 INFO  PMA00300BACK.PMA00300Cls - assign loReportRule
2025-04-30 20:54:03,089 INFO  PMA00300BACK.PMA00300Cls - Get file Frx
2025-04-30 20:54:03,089 INFO  PMA00300BACK.PMA00300Cls - Create object Report Parameter
2025-04-30 20:54:03,089 INFO  PMA00300BACK.PMA00300Cls - Get Data Billing
2025-04-30 20:54:03,091 INFO  PMA00300BACK.PMA00300Cls - START process method GetDataBilling on Cls
2025-04-30 20:54:03,094 INFO  PMA00300BACK.PMA00300Cls - Execute query on method GetDataBilling
2025-04-30 20:54:03,406 INFO  PMA00300BACK.PMA00300Cls - Convert string to datetime format on method
2025-04-30 20:54:03,406 INFO  PMA00300BACK.PMA00300Cls - END process method GetDataBilling on Cls
2025-04-30 20:54:03,406 INFO  PMA00300BACK.PMA00300Cls - Assign parameter for detail unit
2025-04-30 20:54:03,406 INFO  PMA00300BACK.PMA00300Cls - Get Data Detail Unit
2025-04-30 20:54:03,407 INFO  PMA00300BACK.PMA00300Cls - START process method GeDataDetailUnitList on Cls
2025-04-30 20:54:03,407 INFO  PMA00300BACK.PMA00300Cls - Execute query on method GeDataDetailUnitList
2025-04-30 20:54:03,476 INFO  PMA00300BACK.PMA00300Cls - END process method GeDataDetailUnitList on Cls
2025-04-30 20:54:03,477 INFO  PMA00300BACK.PMA00300Cls - Assign parameter for detail utility
2025-04-30 20:54:03,477 INFO  PMA00300BACK.PMA00300Cls - Get Data Detail Utility
2025-04-30 20:54:03,477 INFO  PMA00300BACK.PMA00300Cls - START process method GeDataDetailUnitList on Cls
2025-04-30 20:54:03,478 INFO  PMA00300BACK.PMA00300Cls - Execute query on method GeDataDetailUnitList
2025-04-30 20:54:03,547 INFO  PMA00300BACK.PMA00300Cls - END process method GeDataDetailUnitList on Cls
2025-04-30 20:54:03,547 INFO  PMA00300BACK.PMA00300Cls - Set Label Report
2025-04-30 20:54:03,552 INFO  PMA00300BACK.PMA00300Cls - Get Data Logo
2025-04-30 20:54:03,553 INFO  PMA00300BACK.PMA00300Cls - START process method GetLogoCompany on Cls
2025-04-30 20:54:03,554 INFO  PMA00300BACK.PMA00300Cls - Execute query on method GetLogoCompany
2025-04-30 20:54:03,563 INFO  PMA00300BACK.PMA00300Cls - END process method GetLogoCompany on Cls
2025-04-30 20:54:03,564 INFO  PMA00300BACK.PMA00300Cls - Get Connection Attribute
2025-04-30 20:54:03,565 INFO  PMA00300BACK.PMA00300Cls - END process method ProcessReport on Cls
2025-04-30 20:54:03,565 INFO  Program - Application executed successfully.
2025-04-30 21:54:04,131 INFO  Program - Application starting...
2025-04-30 21:54:04,771 INFO  Program - Configuring application settings...
2025-04-30 21:54:04,895 INFO  Program - Application configuration loaded successfully.
2025-04-30 21:54:05,259 INFO  Program - Adding services...
2025-04-30 21:54:05,383 INFO  Program - Services added successfully.
2025-04-30 21:54:05,563 INFO  Program - Get data config parameter
2025-04-30 21:54:05,647 INFO  PMA00300BACK.PMA00300Cls - START process method GetClientReportFormat on Cls
2025-04-30 21:54:05,834 INFO  PMA00300BACK.PMA00300Cls - Execute query on method GetClientReportFormat
2025-04-30 21:54:05,985 INFO  PMA00300BACK.PMA00300Cls - END process method GetClientReportFormat on Cls
2025-04-30 21:54:06,090 INFO  PMA00300BACK.PMA00300Cls - START process method ProcessReport on Cls
2025-04-30 21:54:06,090 INFO  PMA00300BACK.PMA00300Cls - assign loReportRule
2025-04-30 21:54:06,090 INFO  PMA00300BACK.PMA00300Cls - Get file Frx
2025-04-30 21:54:06,090 INFO  PMA00300BACK.PMA00300Cls - Create object Report Parameter
2025-04-30 21:54:06,091 INFO  PMA00300BACK.PMA00300Cls - Get Data Billing
2025-04-30 21:54:06,093 INFO  PMA00300BACK.PMA00300Cls - START process method GetDataBilling on Cls
2025-04-30 21:54:06,096 INFO  PMA00300BACK.PMA00300Cls - Execute query on method GetDataBilling
2025-04-30 21:54:06,364 INFO  PMA00300BACK.PMA00300Cls - Convert string to datetime format on method
2025-04-30 21:54:06,364 INFO  PMA00300BACK.PMA00300Cls - END process method GetDataBilling on Cls
2025-04-30 21:54:06,364 INFO  PMA00300BACK.PMA00300Cls - Assign parameter for detail unit
2025-04-30 21:54:06,364 INFO  PMA00300BACK.PMA00300Cls - Get Data Detail Unit
2025-04-30 21:54:06,365 INFO  PMA00300BACK.PMA00300Cls - START process method GeDataDetailUnitList on Cls
2025-04-30 21:54:06,365 INFO  PMA00300BACK.PMA00300Cls - Execute query on method GeDataDetailUnitList
2025-04-30 21:54:06,457 INFO  PMA00300BACK.PMA00300Cls - END process method GeDataDetailUnitList on Cls
2025-04-30 21:54:06,457 INFO  PMA00300BACK.PMA00300Cls - Assign parameter for detail utility
2025-04-30 21:54:06,458 INFO  PMA00300BACK.PMA00300Cls - Get Data Detail Utility
2025-04-30 21:54:06,458 INFO  PMA00300BACK.PMA00300Cls - START process method GeDataDetailUnitList on Cls
2025-04-30 21:54:06,459 INFO  PMA00300BACK.PMA00300Cls - Execute query on method GeDataDetailUnitList
2025-04-30 21:54:06,528 INFO  PMA00300BACK.PMA00300Cls - END process method GeDataDetailUnitList on Cls
2025-04-30 21:54:06,528 INFO  PMA00300BACK.PMA00300Cls - Set Label Report
2025-04-30 21:54:06,535 INFO  PMA00300BACK.PMA00300Cls - Get Data Logo
2025-04-30 21:54:06,535 INFO  PMA00300BACK.PMA00300Cls - START process method GetLogoCompany on Cls
2025-04-30 21:54:06,536 INFO  PMA00300BACK.PMA00300Cls - Execute query on method GetLogoCompany
2025-04-30 21:54:06,541 INFO  PMA00300BACK.PMA00300Cls - END process method GetLogoCompany on Cls
2025-04-30 21:54:06,541 INFO  PMA00300BACK.PMA00300Cls - Get Connection Attribute
2025-04-30 21:54:06,541 INFO  PMA00300BACK.PMA00300Cls - END process method ProcessReport on Cls
2025-04-30 21:54:06,542 INFO  Program - Application executed successfully.
2025-04-30 22:54:03,156 INFO  Program - Application starting...
2025-04-30 22:54:03,197 INFO  Program - Configuring application settings...
2025-04-30 22:54:03,256 INFO  Program - Application configuration loaded successfully.
2025-04-30 22:54:03,270 INFO  Program - Adding services...
2025-04-30 22:54:03,299 INFO  Program - Services added successfully.
2025-04-30 22:54:03,378 INFO  Program - Get data config parameter
2025-04-30 22:54:03,382 INFO  PMA00300BACK.PMA00300Cls - START process method GetClientReportFormat on Cls
2025-04-30 22:54:03,436 INFO  PMA00300BACK.PMA00300Cls - Execute query on method GetClientReportFormat
2025-04-30 22:54:03,570 INFO  PMA00300BACK.PMA00300Cls - END process method GetClientReportFormat on Cls
2025-04-30 22:54:03,593 INFO  PMA00300BACK.PMA00300Cls - START process method ProcessReport on Cls
2025-04-30 22:54:03,594 INFO  PMA00300BACK.PMA00300Cls - assign loReportRule
2025-04-30 22:54:03,594 INFO  PMA00300BACK.PMA00300Cls - Get file Frx
2025-04-30 22:54:03,594 INFO  PMA00300BACK.PMA00300Cls - Create object Report Parameter
2025-04-30 22:54:03,594 INFO  PMA00300BACK.PMA00300Cls - Get Data Billing
2025-04-30 22:54:03,596 INFO  PMA00300BACK.PMA00300Cls - START process method GetDataBilling on Cls
2025-04-30 22:54:03,599 INFO  PMA00300BACK.PMA00300Cls - Execute query on method GetDataBilling
2025-04-30 22:54:03,871 INFO  PMA00300BACK.PMA00300Cls - Convert string to datetime format on method
2025-04-30 22:54:03,871 INFO  PMA00300BACK.PMA00300Cls - END process method GetDataBilling on Cls
2025-04-30 22:54:03,871 INFO  PMA00300BACK.PMA00300Cls - Assign parameter for detail unit
2025-04-30 22:54:03,871 INFO  PMA00300BACK.PMA00300Cls - Get Data Detail Unit
2025-04-30 22:54:03,872 INFO  PMA00300BACK.PMA00300Cls - START process method GeDataDetailUnitList on Cls
2025-04-30 22:54:03,872 INFO  PMA00300BACK.PMA00300Cls - Execute query on method GeDataDetailUnitList
2025-04-30 22:54:03,954 INFO  PMA00300BACK.PMA00300Cls - END process method GeDataDetailUnitList on Cls
2025-04-30 22:54:03,954 INFO  PMA00300BACK.PMA00300Cls - Assign parameter for detail utility
2025-04-30 22:54:03,954 INFO  PMA00300BACK.PMA00300Cls - Get Data Detail Utility
2025-04-30 22:54:03,955 INFO  PMA00300BACK.PMA00300Cls - START process method GeDataDetailUnitList on Cls
2025-04-30 22:54:03,955 INFO  PMA00300BACK.PMA00300Cls - Execute query on method GeDataDetailUnitList
2025-04-30 22:54:04,027 INFO  PMA00300BACK.PMA00300Cls - END process method GeDataDetailUnitList on Cls
2025-04-30 22:54:04,027 INFO  PMA00300BACK.PMA00300Cls - Set Label Report
2025-04-30 22:54:04,036 INFO  PMA00300BACK.PMA00300Cls - Get Data Logo
2025-04-30 22:54:04,038 INFO  PMA00300BACK.PMA00300Cls - START process method GetLogoCompany on Cls
2025-04-30 22:54:04,038 INFO  PMA00300BACK.PMA00300Cls - Execute query on method GetLogoCompany
2025-04-30 22:54:04,043 INFO  PMA00300BACK.PMA00300Cls - END process method GetLogoCompany on Cls
2025-04-30 22:54:04,044 INFO  PMA00300BACK.PMA00300Cls - Get Connection Attribute
2025-04-30 22:54:04,044 INFO  PMA00300BACK.PMA00300Cls - END process method ProcessReport on Cls
2025-04-30 22:54:04,044 INFO  Program - Application executed successfully.
2025-04-30 23:54:02,639 INFO  Program - Application starting...
2025-04-30 23:54:02,681 INFO  Program - Configuring application settings...
2025-04-30 23:54:02,721 INFO  Program - Application configuration loaded successfully.
2025-04-30 23:54:02,735 INFO  Program - Adding services...
2025-04-30 23:54:02,766 INFO  Program - Services added successfully.
2025-04-30 23:54:02,845 INFO  Program - Get data config parameter
2025-04-30 23:54:02,848 INFO  PMA00300BACK.PMA00300Cls - START process method GetClientReportFormat on Cls
2025-04-30 23:54:02,903 INFO  PMA00300BACK.PMA00300Cls - Execute query on method GetClientReportFormat
2025-04-30 23:54:03,045 INFO  PMA00300BACK.PMA00300Cls - END process method GetClientReportFormat on Cls
2025-04-30 23:54:03,069 INFO  PMA00300BACK.PMA00300Cls - START process method ProcessReport on Cls
2025-04-30 23:54:03,069 INFO  PMA00300BACK.PMA00300Cls - assign loReportRule
2025-04-30 23:54:03,070 INFO  PMA00300BACK.PMA00300Cls - Get file Frx
2025-04-30 23:54:03,070 INFO  PMA00300BACK.PMA00300Cls - Create object Report Parameter
2025-04-30 23:54:03,070 INFO  PMA00300BACK.PMA00300Cls - Get Data Billing
2025-04-30 23:54:03,072 INFO  PMA00300BACK.PMA00300Cls - START process method GetDataBilling on Cls
2025-04-30 23:54:03,075 INFO  PMA00300BACK.PMA00300Cls - Execute query on method GetDataBilling
2025-04-30 23:54:03,350 INFO  PMA00300BACK.PMA00300Cls - Convert string to datetime format on method
2025-04-30 23:54:03,350 INFO  PMA00300BACK.PMA00300Cls - END process method GetDataBilling on Cls
2025-04-30 23:54:03,350 INFO  PMA00300BACK.PMA00300Cls - Assign parameter for detail unit
2025-04-30 23:54:03,350 INFO  PMA00300BACK.PMA00300Cls - Get Data Detail Unit
2025-04-30 23:54:03,352 INFO  PMA00300BACK.PMA00300Cls - START process method GeDataDetailUnitList on Cls
2025-04-30 23:54:03,353 INFO  PMA00300BACK.PMA00300Cls - Execute query on method GeDataDetailUnitList
2025-04-30 23:54:03,430 INFO  PMA00300BACK.PMA00300Cls - END process method GeDataDetailUnitList on Cls
2025-04-30 23:54:03,430 INFO  PMA00300BACK.PMA00300Cls - Assign parameter for detail utility
2025-04-30 23:54:03,430 INFO  PMA00300BACK.PMA00300Cls - Get Data Detail Utility
2025-04-30 23:54:03,431 INFO  PMA00300BACK.PMA00300Cls - START process method GeDataDetailUnitList on Cls
2025-04-30 23:54:03,431 INFO  PMA00300BACK.PMA00300Cls - Execute query on method GeDataDetailUnitList
2025-04-30 23:54:03,501 INFO  PMA00300BACK.PMA00300Cls - END process method GeDataDetailUnitList on Cls
2025-04-30 23:54:03,502 INFO  PMA00300BACK.PMA00300Cls - Set Label Report
2025-04-30 23:54:03,507 INFO  PMA00300BACK.PMA00300Cls - Get Data Logo
2025-04-30 23:54:03,507 INFO  PMA00300BACK.PMA00300Cls - START process method GetLogoCompany on Cls
2025-04-30 23:54:03,508 INFO  PMA00300BACK.PMA00300Cls - Execute query on method GetLogoCompany
2025-04-30 23:54:03,511 INFO  PMA00300BACK.PMA00300Cls - END process method GetLogoCompany on Cls
2025-04-30 23:54:03,512 INFO  PMA00300BACK.PMA00300Cls - Get Connection Attribute
2025-04-30 23:54:03,512 INFO  PMA00300BACK.PMA00300Cls - END process method ProcessReport on Cls
2025-04-30 23:54:03,512 INFO  Program - Application executed successfully.
